TRACE::2020-08-11.17:00:11::SCWPlatform::Trying to open the hw design at C:/Users/xujia/Genesys/Vitis/Genesys_wrapper/hw/Genesys_wrapper.xsa
TRACE::2020-08-11.17:00:11::SCWPlatform::DSA given C:/Users/xujia/Genesys/Vitis/Genesys_wrapper/hw/Genesys_wrapper.xsa
TRACE::2020-08-11.17:00:11::SCWPlatform::DSA absoulate path C:/Users/xujia/Genesys/Vitis/Genesys_wrapper/hw/Genesys_wrapper.xsa
TRACE::2020-08-11.17:00:16::SCWPlatform::DSA directory C:/Users/xujia/Genesys/Vitis/Genesys_wrapper/hw
TRACE::2020-08-11.17:00:16::SCWPlatform:: Platform Path C:/Users/xujia/Genesys/Vitis/Genesys_wrapper/hw/Genesys_wrapper.xsa
TRACE::2020-08-11.17:00:16::SCWPlatform:: Unique name xilinx:genesys2::0.0
TRACE::2020-08-11.17:00:16::SCWPlatform::Do not have an existing db opened. 
TRACE::2020-08-11.17:00:19::SCWPlatform::Opened new HwDB with name Genesys_wrapper_0
TRACE::2020-08-11.17:00:19::SCWWriter::formatted JSON is {
	"platformName":	"Genesys_wrapper",
	"sprVersion":	"2.0",
	"mode":	"gui",
	"dsaType":	"Fixed",
	"platformDesc":	"Genesys_wrapper",
	"platHandOff":	"C:/Users/xujia/Genesys/Bitstream_and_Hardware/Genesys_wrapper.xsa",
	"platIntHandOff":	"<platformDir>/hw/Genesys_wrapper.xsa",
	"deviceType":	"FPGA",
	"platIsPrebuiltAutogen":	"false",
	"platIsNoBootBsp":	"false",
	"hasFsblMakeHasChanges":	"false",
	"hasPmufwMakeHasChanges":	"false",
	"platPreBuiltFlag":	false,
	"platformSamplesDir":	""
}
TRACE::2020-08-11.17:00:19::SCWWriter::formatted JSON is {
	"platformName":	"Genesys_wrapper",
	"sprVersion":	"2.0",
	"mode":	"gui",
	"dsaType":	"Fixed",
	"platformDesc":	"Genesys_wrapper",
	"platHandOff":	"C:/Users/xujia/Genesys/Bitstream_and_Hardware/Genesys_wrapper.xsa",
	"platIntHandOff":	"<platformDir>/hw/Genesys_wrapper.xsa",
	"deviceType":	"FPGA",
	"platIsPrebuiltAutogen":	"false",
	"platIsNoBootBsp":	"false",
	"hasFsblMakeHasChanges":	"false",
	"hasPmufwMakeHasChanges":	"false",
	"platPreBuiltFlag":	false,
	"platformSamplesDir":	"",
	"platActiveSys":	"Genesys_wrapper",
	"systems":	[{
			"systemName":	"Genesys_wrapper",
			"systemDesc":	"Genesys_wrapper",
			"sysIsBootAutoGen":	"true",
			"systemDispName":	"Genesys_wrapper"
		}]
}
TRACE::2020-08-11.17:00:19::SCWPlatform::Boot application domains not present, creating them
TRACE::2020-08-11.17:00:19::SCWPlatform::Pure FPGA device, no boot application will be created.
TRACE::2020-08-11.17:00:19::SCWWriter::formatted JSON is {
	"platformName":	"Genesys_wrapper",
	"sprVersion":	"2.0",
	"mode":	"gui",
	"dsaType":	"Fixed",
	"platformDesc":	"Genesys_wrapper",
	"platHandOff":	"C:/Users/xujia/Genesys/Bitstream_and_Hardware/Genesys_wrapper.xsa",
	"platIntHandOff":	"<platformDir>/hw/Genesys_wrapper.xsa",
	"deviceType":	"FPGA",
	"platIsPrebuiltAutogen":	"false",
	"platIsNoBootBsp":	"false",
	"hasFsblMakeHasChanges":	"false",
	"hasPmufwMakeHasChanges":	"false",
	"platPreBuiltFlag":	false,
	"platformSamplesDir":	"",
	"platActiveSys":	"Genesys_wrapper",
	"systems":	[{
			"systemName":	"Genesys_wrapper",
			"systemDesc":	"Genesys_wrapper",
			"sysIsBootAutoGen":	"true",
			"systemDispName":	"Genesys_wrapper"
		}]
}
TRACE::2020-08-11.17:00:19::SCWWriter::formatted JSON is {
	"platformName":	"Genesys_wrapper",
	"sprVersion":	"2.0",
	"mode":	"gui",
	"dsaType":	"Fixed",
	"platformDesc":	"Genesys_wrapper",
	"platHandOff":	"C:/Users/xujia/Genesys/Bitstream_and_Hardware/Genesys_wrapper.xsa",
	"platIntHandOff":	"<platformDir>/hw/Genesys_wrapper.xsa",
	"deviceType":	"FPGA",
	"platIsPrebuiltAutogen":	"false",
	"platIsNoBootBsp":	"false",
	"hasFsblMakeHasChanges":	"false",
	"hasPmufwMakeHasChanges":	"false",
	"platPreBuiltFlag":	false,
	"platformSamplesDir":	"",
	"platActiveSys":	"Genesys_wrapper",
	"systems":	[{
			"systemName":	"Genesys_wrapper",
			"systemDesc":	"Genesys_wrapper",
			"sysIsBootAutoGen":	"true",
			"systemDispName":	"Genesys_wrapper"
		}]
}
TRACE::2020-08-11.17:00:19::SCWPlatform::Trying to open the hw design at C:/Users/xujia/Genesys/Vitis/Genesys_wrapper/hw/Genesys_wrapper.xsa
TRACE::2020-08-11.17:00:19::SCWPlatform::DSA given C:/Users/xujia/Genesys/Vitis/Genesys_wrapper/hw/Genesys_wrapper.xsa
TRACE::2020-08-11.17:00:19::SCWPlatform::DSA absoulate path C:/Users/xujia/Genesys/Vitis/Genesys_wrapper/hw/Genesys_wrapper.xsa
TRACE::2020-08-11.17:00:19::SCWPlatform::DSA directory C:/Users/xujia/Genesys/Vitis/Genesys_wrapper/hw
TRACE::2020-08-11.17:00:19::SCWPlatform:: Platform Path C:/Users/xujia/Genesys/Vitis/Genesys_wrapper/hw/Genesys_wrapper.xsa
TRACE::2020-08-11.17:00:19::SCWPlatform:: Unique name xilinx:genesys2::0.0
TRACE::2020-08-11.17:00:19::SCWPlatform::Trying to set the existing hwdb with name Genesys_wrapper_0
TRACE::2020-08-11.17:00:19::SCWPlatform::Opened existing hwdb Genesys_wrapper_0
TRACE::2020-08-11.17:00:19::SCWPlatform::Found the Hw Db part of the input DSA
TRACE::2020-08-11.17:00:19::SCWDomain::checking for install qemu data   : 
TRACE::2020-08-11.17:00:19::SCWPlatform::Trying to open the hw design at C:/Users/xujia/Genesys/Vitis/Genesys_wrapper/hw/Genesys_wrapper.xsa
TRACE::2020-08-11.17:00:19::SCWPlatform::DSA given C:/Users/xujia/Genesys/Vitis/Genesys_wrapper/hw/Genesys_wrapper.xsa
TRACE::2020-08-11.17:00:19::SCWPlatform::DSA absoulate path C:/Users/xujia/Genesys/Vitis/Genesys_wrapper/hw/Genesys_wrapper.xsa
TRACE::2020-08-11.17:00:19::SCWPlatform::DSA directory C:/Users/xujia/Genesys/Vitis/Genesys_wrapper/hw
TRACE::2020-08-11.17:00:19::SCWPlatform:: Platform Path C:/Users/xujia/Genesys/Vitis/Genesys_wrapper/hw/Genesys_wrapper.xsa
TRACE::2020-08-11.17:00:19::SCWPlatform:: Unique name xilinx:genesys2::0.0
TRACE::2020-08-11.17:00:19::SCWPlatform::Trying to set the existing hwdb with name Genesys_wrapper_0
TRACE::2020-08-11.17:00:19::SCWPlatform::Opened existing hwdb Genesys_wrapper_0
TRACE::2020-08-11.17:00:19::SCWPlatform::Found the Hw Db part of the input DSA
TRACE::2020-08-11.17:00:19::SCWPlatform::Trying to open the hw design at C:/Users/xujia/Genesys/Vitis/Genesys_wrapper/hw/Genesys_wrapper.xsa
TRACE::2020-08-11.17:00:19::SCWPlatform::DSA given C:/Users/xujia/Genesys/Vitis/Genesys_wrapper/hw/Genesys_wrapper.xsa
TRACE::2020-08-11.17:00:19::SCWPlatform::DSA absoulate path C:/Users/xujia/Genesys/Vitis/Genesys_wrapper/hw/Genesys_wrapper.xsa
TRACE::2020-08-11.17:00:19::SCWPlatform::DSA directory C:/Users/xujia/Genesys/Vitis/Genesys_wrapper/hw
TRACE::2020-08-11.17:00:19::SCWPlatform:: Platform Path C:/Users/xujia/Genesys/Vitis/Genesys_wrapper/hw/Genesys_wrapper.xsa
TRACE::2020-08-11.17:00:19::SCWPlatform:: Unique name xilinx:genesys2::0.0
TRACE::2020-08-11.17:00:19::SCWPlatform::Trying to set the existing hwdb with name Genesys_wrapper_0
TRACE::2020-08-11.17:00:19::SCWPlatform::Opened existing hwdb Genesys_wrapper_0
TRACE::2020-08-11.17:00:19::SCWPlatform::Found the Hw Db part of the input DSA
TRACE::2020-08-11.17:00:19::SCWMssOS::Checking the sw design at  C:/Users/xujia/Genesys/Vitis/Genesys_wrapper/microblaze_0/standalone_domain/bsp/system.mss
TRACE::2020-08-11.17:00:19::SCWMssOS::DEBUG:  swdes dump  
TRACE::2020-08-11.17:00:19::SCWMssOS::No sw design opened at  C:/Users/xujia/Genesys/Vitis/Genesys_wrapper/microblaze_0/standalone_domain/bsp/system.mss
TRACE::2020-08-11.17:00:19::SCWMssOS::mss does not exists at C:/Users/xujia/Genesys/Vitis/Genesys_wrapper/microblaze_0/standalone_domain/bsp/system.mss
TRACE::2020-08-11.17:00:19::SCWMssOS::Creating sw design at  C:/Users/xujia/Genesys/Vitis/Genesys_wrapper/microblaze_0/standalone_domain/bsp/system.mss
TRACE::2020-08-11.17:00:19::SCWMssOS::Adding the swdes entry, created swdb C:/Users/xujia/Genesys/Vitis/Genesys_wrapper/microblaze_0/standalone_domain/bsp/system.mss with des name C:/Users/xujia/Genesys/Vitis/Genesys_wrapper/microblaze_0/standalone_domain/bsp/system.mss
TRACE::2020-08-11.17:00:19::SCWMssOS::updating the scw layer changes to swdes at   C:/Users/xujia/Genesys/Vitis/Genesys_wrapper/microblaze_0/standalone_domain/bsp/system.mss
TRACE::2020-08-11.17:00:19::SCWMssOS::Writing mss at C:/Users/xujia/Genesys/Vitis/Genesys_wrapper/microblaze_0/standalone_domain/bsp/system.mss
TRACE::2020-08-11.17:00:19::SCWMssOS::Completed writing the mss file at C:/Users/xujia/Genesys/Vitis/Genesys_wrapper/microblaze_0/standalone_domain/bsp
TRACE::2020-08-11.17:00:19::SCWMssOS::Picking up changes from newly written mss file into SCW Layer. 
TRACE::2020-08-11.17:00:19::SCWMssOS::Updated the changes from newly written mss file into SCW Layer. 
TRACE::2020-08-11.17:00:19::SCWPlatform::Trying to open the hw design at C:/Users/xujia/Genesys/Vitis/Genesys_wrapper/hw/Genesys_wrapper.xsa
TRACE::2020-08-11.17:00:19::SCWPlatform::DSA given C:/Users/xujia/Genesys/Vitis/Genesys_wrapper/hw/Genesys_wrapper.xsa
TRACE::2020-08-11.17:00:19::SCWPlatform::DSA absoulate path C:/Users/xujia/Genesys/Vitis/Genesys_wrapper/hw/Genesys_wrapper.xsa
TRACE::2020-08-11.17:00:19::SCWPlatform::DSA directory C:/Users/xujia/Genesys/Vitis/Genesys_wrapper/hw
TRACE::2020-08-11.17:00:19::SCWPlatform:: Platform Path C:/Users/xujia/Genesys/Vitis/Genesys_wrapper/hw/Genesys_wrapper.xsa
TRACE::2020-08-11.17:00:19::SCWPlatform:: Unique name xilinx:genesys2::0.0
TRACE::2020-08-11.17:00:19::SCWPlatform::Trying to set the existing hwdb with name Genesys_wrapper_0
TRACE::2020-08-11.17:00:20::SCWPlatform::Opened existing hwdb Genesys_wrapper_0
TRACE::2020-08-11.17:00:20::SCWPlatform::Found the Hw Db part of the input DSA
TRACE::2020-08-11.17:00:20::SCWMssOS::Checking the sw design at  C:/Users/xujia/Genesys/Vitis/Genesys_wrapper/microblaze_0/standalone_domain/bsp/system.mss
TRACE::2020-08-11.17:00:20::SCWMssOS::DEBUG:  swdes dump  C:/Users/xujia/Genesys/Vitis/Genesys_wrapper/microblaze_0/standalone_domain/bsp/system.mss|C:/Users/xujia/Genesys/Vitis/Genesys_wrapper/microblaze_0/standalone_domain/bsp/system.mss||

TRACE::2020-08-11.17:00:20::SCWMssOS::Sw design exists and opened at  C:/Users/xujia/Genesys/Vitis/Genesys_wrapper/microblaze_0/standalone_domain/bsp/system.mss
TRACE::2020-08-11.17:00:20::SCWPlatform::Trying to open the hw design at C:/Users/xujia/Genesys/Vitis/Genesys_wrapper/hw/Genesys_wrapper.xsa
TRACE::2020-08-11.17:00:20::SCWPlatform::DSA given C:/Users/xujia/Genesys/Vitis/Genesys_wrapper/hw/Genesys_wrapper.xsa
TRACE::2020-08-11.17:00:20::SCWPlatform::DSA absoulate path C:/Users/xujia/Genesys/Vitis/Genesys_wrapper/hw/Genesys_wrapper.xsa
TRACE::2020-08-11.17:00:20::SCWPlatform::DSA directory C:/Users/xujia/Genesys/Vitis/Genesys_wrapper/hw
TRACE::2020-08-11.17:00:20::SCWPlatform:: Platform Path C:/Users/xujia/Genesys/Vitis/Genesys_wrapper/hw/Genesys_wrapper.xsa
TRACE::2020-08-11.17:00:20::SCWPlatform:: Unique name xilinx:genesys2::0.0
TRACE::2020-08-11.17:00:20::SCWPlatform::Trying to set the existing hwdb with name Genesys_wrapper_0
TRACE::2020-08-11.17:00:20::SCWPlatform::Opened existing hwdb Genesys_wrapper_0
TRACE::2020-08-11.17:00:20::SCWPlatform::Found the Hw Db part of the input DSA
TRACE::2020-08-11.17:00:20::SCWMssOS::Checking the sw design at  C:/Users/xujia/Genesys/Vitis/Genesys_wrapper/microblaze_0/standalone_domain/bsp/system.mss
TRACE::2020-08-11.17:00:20::SCWMssOS::DEBUG:  swdes dump  C:/Users/xujia/Genesys/Vitis/Genesys_wrapper/microblaze_0/standalone_domain/bsp/system.mss|C:/Users/xujia/Genesys/Vitis/Genesys_wrapper/microblaze_0/standalone_domain/bsp/system.mss||

TRACE::2020-08-11.17:00:20::SCWMssOS::Sw design exists and opened at  C:/Users/xujia/Genesys/Vitis/Genesys_wrapper/microblaze_0/standalone_domain/bsp/system.mss
TRACE::2020-08-11.17:00:20::SCWPlatform::Trying to open the hw design at C:/Users/xujia/Genesys/Vitis/Genesys_wrapper/hw/Genesys_wrapper.xsa
TRACE::2020-08-11.17:00:20::SCWPlatform::DSA given C:/Users/xujia/Genesys/Vitis/Genesys_wrapper/hw/Genesys_wrapper.xsa
TRACE::2020-08-11.17:00:20::SCWPlatform::DSA absoulate path C:/Users/xujia/Genesys/Vitis/Genesys_wrapper/hw/Genesys_wrapper.xsa
TRACE::2020-08-11.17:00:20::SCWPlatform::DSA directory C:/Users/xujia/Genesys/Vitis/Genesys_wrapper/hw
TRACE::2020-08-11.17:00:20::SCWPlatform:: Platform Path C:/Users/xujia/Genesys/Vitis/Genesys_wrapper/hw/Genesys_wrapper.xsa
TRACE::2020-08-11.17:00:20::SCWPlatform:: Unique name xilinx:genesys2::0.0
TRACE::2020-08-11.17:00:20::SCWPlatform::Trying to set the existing hwdb with name Genesys_wrapper_0
TRACE::2020-08-11.17:00:20::SCWPlatform::Opened existing hwdb Genesys_wrapper_0
TRACE::2020-08-11.17:00:20::SCWPlatform::Found the Hw Db part of the input DSA
TRACE::2020-08-11.17:00:20::SCWMssOS::Checking the sw design at  C:/Users/xujia/Genesys/Vitis/Genesys_wrapper/microblaze_0/standalone_domain/bsp/system.mss
TRACE::2020-08-11.17:00:20::SCWMssOS::DEBUG:  swdes dump  C:/Users/xujia/Genesys/Vitis/Genesys_wrapper/microblaze_0/standalone_domain/bsp/system.mss|C:/Users/xujia/Genesys/Vitis/Genesys_wrapper/microblaze_0/standalone_domain/bsp/system.mss||

TRACE::2020-08-11.17:00:20::SCWMssOS::Sw design exists and opened at  C:/Users/xujia/Genesys/Vitis/Genesys_wrapper/microblaze_0/standalone_domain/bsp/system.mss
TRACE::2020-08-11.17:00:20::SCWWriter::formatted JSON is {
	"platformName":	"Genesys_wrapper",
	"sprVersion":	"2.0",
	"mode":	"gui",
	"dsaType":	"Fixed",
	"platformDesc":	"Genesys_wrapper",
	"platHandOff":	"C:/Users/xujia/Genesys/Bitstream_and_Hardware/Genesys_wrapper.xsa",
	"platIntHandOff":	"<platformDir>/hw/Genesys_wrapper.xsa",
	"deviceType":	"FPGA",
	"platIsPrebuiltAutogen":	"false",
	"platIsNoBootBsp":	"false",
	"hasFsblMakeHasChanges":	"false",
	"hasPmufwMakeHasChanges":	"false",
	"platPreBuiltFlag":	false,
	"platformSamplesDir":	"",
	"platActiveSys":	"Genesys_wrapper",
	"systems":	[{
			"systemName":	"Genesys_wrapper",
			"systemDesc":	"Genesys_wrapper",
			"sysIsBootAutoGen":	"true",
			"systemDispName":	"Genesys_wrapper",
			"sysActiveDom":	"standalone_domain",
			"sysDefaultDom":	"standalone_domain",
			"domains":	[{
					"domainName":	"standalone_domain",
					"domainDispName":	"standalone on microblaze_0",
					"domainDesc":	"standalone_domain",
					"processors":	"microblaze_0",
					"os":	"standalone",
					"sdxOs":	"standalone",
					"debugEnable":	"False",
					"domRuntimes":	["cpp"],
					"swRepo":	"",
					"mssOsVer":	"7.1",
					"mssFile":	"",
					"md5Digest":	"",
					"compatibleApp":	"hello_world",
					"domType":	"mssDomain",
					"arch":	"32-bit",
					"appSettings":	{
						"appCompilerFlags":	"",
						"appLinkerFlags":	""
					},
					"addedLibs":	[],
					"libOptions":	{
						"libsContainingOptions":	[]
					},
					"prebuiltLibs":	{
						"prebuiltIncPath":	[],
						"prebuiltLibPath":	[]
					},
					"isolation":	{
					}
				}]
		}]
}
TRACE::2020-08-11.17:00:20::SCWPlatform::Trying to open the hw design at C:/Users/xujia/Genesys/Vitis/Genesys_wrapper/hw/Genesys_wrapper.xsa
TRACE::2020-08-11.17:00:20::SCWPlatform::DSA given C:/Users/xujia/Genesys/Vitis/Genesys_wrapper/hw/Genesys_wrapper.xsa
TRACE::2020-08-11.17:00:20::SCWPlatform::DSA absoulate path C:/Users/xujia/Genesys/Vitis/Genesys_wrapper/hw/Genesys_wrapper.xsa
TRACE::2020-08-11.17:00:20::SCWPlatform::DSA directory C:/Users/xujia/Genesys/Vitis/Genesys_wrapper/hw
TRACE::2020-08-11.17:00:20::SCWPlatform:: Platform Path C:/Users/xujia/Genesys/Vitis/Genesys_wrapper/hw/Genesys_wrapper.xsa
TRACE::2020-08-11.17:00:20::SCWPlatform:: Unique name xilinx:genesys2::0.0
TRACE::2020-08-11.17:00:20::SCWPlatform::Trying to set the existing hwdb with name Genesys_wrapper_0
TRACE::2020-08-11.17:00:20::SCWPlatform::Opened existing hwdb Genesys_wrapper_0
TRACE::2020-08-11.17:00:20::SCWPlatform::Found the Hw Db part of the input DSA
TRACE::2020-08-11.17:00:20::SCWMssOS::Checking the sw design at  C:/Users/xujia/Genesys/Vitis/Genesys_wrapper/microblaze_0/standalone_domain/bsp/system.mss
TRACE::2020-08-11.17:00:20::SCWMssOS::DEBUG:  swdes dump  C:/Users/xujia/Genesys/Vitis/Genesys_wrapper/microblaze_0/standalone_domain/bsp/system.mss|C:/Users/xujia/Genesys/Vitis/Genesys_wrapper/microblaze_0/standalone_domain/bsp/system.mss||

TRACE::2020-08-11.17:00:20::SCWMssOS::Sw design exists and opened at  C:/Users/xujia/Genesys/Vitis/Genesys_wrapper/microblaze_0/standalone_domain/bsp/system.mss
TRACE::2020-08-11.17:00:20::SCWMssOS::Completed writing the mss file at C:/Users/xujia/Genesys/Vitis/Genesys_wrapper/microblaze_0/standalone_domain/bsp
TRACE::2020-08-11.17:00:20::SCWMssOS::Forcing BSP Sources regeneration.
LOG::2020-08-11.17:00:26::SCWPlatform::Started generating the artifacts platform Genesys_wrapper
TRACE::2020-08-11.17:00:26::SCWPlatform::Sanity checking of platform is completed
LOG::2020-08-11.17:00:26::SCWPlatform::Started generating the artifacts for system configuration Genesys_wrapper
LOG::2020-08-11.17:00:26::SCWSystem::Checking the domain standalone_domain
LOG::2020-08-11.17:00:26::SCWSystem::Not a boot domain 
LOG::2020-08-11.17:00:26::SCWSystem::Started Processing the domain standalone_domain
TRACE::2020-08-11.17:00:26::SCWDomain::Generating domain artifcats
TRACE::2020-08-11.17:00:26::SCWMssOS::Generating standalone artifcats
TRACE::2020-08-11.17:00:26::SCWMssOS:: Copying the user libraries. 
TRACE::2020-08-11.17:00:26::SCWPlatform::Trying to open the hw design at C:/Users/xujia/Genesys/Vitis/Genesys_wrapper/hw/Genesys_wrapper.xsa
TRACE::2020-08-11.17:00:26::SCWPlatform::DSA given C:/Users/xujia/Genesys/Vitis/Genesys_wrapper/hw/Genesys_wrapper.xsa
TRACE::2020-08-11.17:00:26::SCWPlatform::DSA absoulate path C:/Users/xujia/Genesys/Vitis/Genesys_wrapper/hw/Genesys_wrapper.xsa
TRACE::2020-08-11.17:00:26::SCWPlatform::DSA directory C:/Users/xujia/Genesys/Vitis/Genesys_wrapper/hw
TRACE::2020-08-11.17:00:26::SCWPlatform:: Platform Path C:/Users/xujia/Genesys/Vitis/Genesys_wrapper/hw/Genesys_wrapper.xsa
TRACE::2020-08-11.17:00:26::SCWPlatform:: Unique name xilinx:genesys2::0.0
TRACE::2020-08-11.17:00:26::SCWPlatform::Trying to set the existing hwdb with name Genesys_wrapper_0
TRACE::2020-08-11.17:00:26::SCWPlatform::Opened existing hwdb Genesys_wrapper_0
TRACE::2020-08-11.17:00:26::SCWPlatform::Found the Hw Db part of the input DSA
TRACE::2020-08-11.17:00:26::SCWMssOS::Checking the sw design at  C:/Users/xujia/Genesys/Vitis/Genesys_wrapper/microblaze_0/standalone_domain/bsp/system.mss
TRACE::2020-08-11.17:00:26::SCWMssOS::DEBUG:  swdes dump  C:/Users/xujia/Genesys/Vitis/Genesys_wrapper/microblaze_0/standalone_domain/bsp/system.mss|C:/Users/xujia/Genesys/Vitis/Genesys_wrapper/microblaze_0/standalone_domain/bsp/system.mss||

KEYINFO::2020-08-11.17:00:26::SCWMssOS::Could not open the swdb for C:/Users/xujia/Genesys/Vitis/Genesys_wrapper/microblaze_0/standalone_domain/bsp/system.mss
KEYINFO::2020-08-11.17:00:26::SCWMssOS::Could not open the sw design at  C:/Users/xujia/Genesys/Vitis/Genesys_wrapper/microblaze_0/standalone_domain/bsp/system.mss
ERROR: [Hsi 55-1558] Software Design C:/Users/xujia/Genesys/Vitis/Genesys_wrapper/microblaze_0/standalone_domain/bsp/system.mss is not found

TRACE::2020-08-11.17:00:26::SCWMssOS::Cleared the swdb table entry
TRACE::2020-08-11.17:00:26::SCWMssOS::No sw design opened at  C:/Users/xujia/Genesys/Vitis/Genesys_wrapper/microblaze_0/standalone_domain/bsp/system.mss
TRACE::2020-08-11.17:00:26::SCWMssOS::mss exists loading the mss file  C:/Users/xujia/Genesys/Vitis/Genesys_wrapper/microblaze_0/standalone_domain/bsp/system.mss
TRACE::2020-08-11.17:00:26::SCWMssOS::Opened the sw design from mss  C:/Users/xujia/Genesys/Vitis/Genesys_wrapper/microblaze_0/standalone_domain/bsp/system.mss
TRACE::2020-08-11.17:00:26::SCWMssOS::Adding the swdes entry C:/Users/xujia/Genesys/Vitis/Genesys_wrapper/microblaze_0/standalone_domain/bsp/system.mss with des name system
TRACE::2020-08-11.17:00:26::SCWMssOS::updating the scw layer about changes
TRACE::2020-08-11.17:00:26::SCWMssOS::Opened the sw design.  C:/Users/xujia/Genesys/Vitis/Genesys_wrapper/microblaze_0/standalone_domain/bsp/system.mss
TRACE::2020-08-11.17:00:26::SCWMssOS::Completed writing the mss file at C:/Users/xujia/Genesys/Vitis/Genesys_wrapper/microblaze_0/standalone_domain/bsp
TRACE::2020-08-11.17:00:26::SCWMssOS::Mss edits present, copying mssfile into export location C:/Users/xujia/Genesys/Vitis/Genesys_wrapper/microblaze_0/standalone_domain/bsp/system.mss
TRACE::2020-08-11.17:00:26::SCWMssOS::bsp generated is upto date with the mss file. Skipping bsp generation.
TRACE::2020-08-11.17:00:26::SCWMssOS::BSP is already built. skipping the bsp build ... 
TRACE::2020-08-11.17:00:26::SCWDomain::Skipping the build for domain :  standalone_domain
TRACE::2020-08-11.17:00:26::SCWMssOS::skipping the bsp build ... 
TRACE::2020-08-11.17:00:26::SCWMssOS::Copying to export directory.
TRACE::2020-08-11.17:00:26::SCWMssOS:: Checking if to create the Supporting Applications
TRACE::2020-08-11.17:00:26::SCWMssOS:: No Linux domain exists, trying to generate FSBL 
LOG::2020-08-11.17:00:26::SCWSystem::Completed Processing the domain standalone_domain
LOG::2020-08-11.17:00:26::SCWSystem::Completed Processing the sysconfig Genesys_wrapper
LOG::2020-08-11.17:00:27::SCWPlatform::Completed generating the artifacts for system configuration Genesys_wrapper
TRACE::2020-08-11.17:00:27::SCWPlatform::Started preparing the platform 
TRACE::2020-08-11.17:00:27::SCWSystem::Writing the bif file for system config Genesys_wrapper
TRACE::2020-08-11.17:00:27::SCWSystem::dir created 
TRACE::2020-08-11.17:00:27::SCWSystem::Writing the bif 
TRACE::2020-08-11.17:00:27::SCWPlatform::Started writing the spfm file 
TRACE::2020-08-11.17:00:27::SCWPlatform::Started writing the xpfm file 
TRACE::2020-08-11.17:00:27::SCWPlatform::Completed generating the platform
TRACE::2020-08-11.17:00:27::SCWPlatform::Trying to open the hw design at C:/Users/xujia/Genesys/Vitis/Genesys_wrapper/hw/Genesys_wrapper.xsa
TRACE::2020-08-11.17:00:27::SCWPlatform::DSA given C:/Users/xujia/Genesys/Vitis/Genesys_wrapper/hw/Genesys_wrapper.xsa
TRACE::2020-08-11.17:00:27::SCWPlatform::DSA absoulate path C:/Users/xujia/Genesys/Vitis/Genesys_wrapper/hw/Genesys_wrapper.xsa
TRACE::2020-08-11.17:00:27::SCWPlatform::DSA directory C:/Users/xujia/Genesys/Vitis/Genesys_wrapper/hw
TRACE::2020-08-11.17:00:27::SCWPlatform:: Platform Path C:/Users/xujia/Genesys/Vitis/Genesys_wrapper/hw/Genesys_wrapper.xsa
TRACE::2020-08-11.17:00:27::SCWPlatform:: Unique name xilinx:genesys2::0.0
TRACE::2020-08-11.17:00:27::SCWPlatform::Trying to set the existing hwdb with name Genesys_wrapper_0
TRACE::2020-08-11.17:00:27::SCWPlatform::Opened existing hwdb Genesys_wrapper_0
TRACE::2020-08-11.17:00:27::SCWPlatform::Found the Hw Db part of the input DSA
TRACE::2020-08-11.17:00:27::SCWMssOS::Checking the sw design at  C:/Users/xujia/Genesys/Vitis/Genesys_wrapper/microblaze_0/standalone_domain/bsp/system.mss
TRACE::2020-08-11.17:00:27::SCWMssOS::DEBUG:  swdes dump  C:/Users/xujia/Genesys/Vitis/Genesys_wrapper/microblaze_0/standalone_domain/bsp/system.mss|system||

TRACE::2020-08-11.17:00:27::SCWMssOS::Sw design exists and opened at  C:/Users/xujia/Genesys/Vitis/Genesys_wrapper/microblaze_0/standalone_domain/bsp/system.mss
TRACE::2020-08-11.17:00:27::SCWPlatform::Trying to open the hw design at C:/Users/xujia/Genesys/Vitis/Genesys_wrapper/hw/Genesys_wrapper.xsa
TRACE::2020-08-11.17:00:27::SCWPlatform::DSA given C:/Users/xujia/Genesys/Vitis/Genesys_wrapper/hw/Genesys_wrapper.xsa
TRACE::2020-08-11.17:00:27::SCWPlatform::DSA absoulate path C:/Users/xujia/Genesys/Vitis/Genesys_wrapper/hw/Genesys_wrapper.xsa
TRACE::2020-08-11.17:00:27::SCWPlatform::DSA directory C:/Users/xujia/Genesys/Vitis/Genesys_wrapper/hw
TRACE::2020-08-11.17:00:27::SCWPlatform:: Platform Path C:/Users/xujia/Genesys/Vitis/Genesys_wrapper/hw/Genesys_wrapper.xsa
TRACE::2020-08-11.17:00:27::SCWPlatform:: Unique name xilinx:genesys2::0.0
TRACE::2020-08-11.17:00:27::SCWPlatform::Trying to set the existing hwdb with name Genesys_wrapper_0
TRACE::2020-08-11.17:00:27::SCWPlatform::Opened existing hwdb Genesys_wrapper_0
TRACE::2020-08-11.17:00:27::SCWPlatform::Found the Hw Db part of the input DSA
TRACE::2020-08-11.17:00:27::SCWMssOS::Checking the sw design at  C:/Users/xujia/Genesys/Vitis/Genesys_wrapper/microblaze_0/standalone_domain/bsp/system.mss
TRACE::2020-08-11.17:00:27::SCWMssOS::DEBUG:  swdes dump  C:/Users/xujia/Genesys/Vitis/Genesys_wrapper/microblaze_0/standalone_domain/bsp/system.mss|system||

TRACE::2020-08-11.17:00:27::SCWMssOS::Sw design exists and opened at  C:/Users/xujia/Genesys/Vitis/Genesys_wrapper/microblaze_0/standalone_domain/bsp/system.mss
TRACE::2020-08-11.17:00:27::SCWPlatform::Trying to open the hw design at C:/Users/xujia/Genesys/Vitis/Genesys_wrapper/hw/Genesys_wrapper.xsa
TRACE::2020-08-11.17:00:27::SCWPlatform::DSA given C:/Users/xujia/Genesys/Vitis/Genesys_wrapper/hw/Genesys_wrapper.xsa
TRACE::2020-08-11.17:00:27::SCWPlatform::DSA absoulate path C:/Users/xujia/Genesys/Vitis/Genesys_wrapper/hw/Genesys_wrapper.xsa
TRACE::2020-08-11.17:00:27::SCWPlatform::DSA directory C:/Users/xujia/Genesys/Vitis/Genesys_wrapper/hw
TRACE::2020-08-11.17:00:27::SCWPlatform:: Platform Path C:/Users/xujia/Genesys/Vitis/Genesys_wrapper/hw/Genesys_wrapper.xsa
TRACE::2020-08-11.17:00:27::SCWPlatform:: Unique name xilinx:genesys2::0.0
TRACE::2020-08-11.17:00:27::SCWPlatform::Trying to set the existing hwdb with name Genesys_wrapper_0
TRACE::2020-08-11.17:00:27::SCWPlatform::Opened existing hwdb Genesys_wrapper_0
TRACE::2020-08-11.17:00:27::SCWPlatform::Found the Hw Db part of the input DSA
TRACE::2020-08-11.17:00:27::SCWMssOS::Checking the sw design at  C:/Users/xujia/Genesys/Vitis/Genesys_wrapper/microblaze_0/standalone_domain/bsp/system.mss
TRACE::2020-08-11.17:00:27::SCWMssOS::DEBUG:  swdes dump  C:/Users/xujia/Genesys/Vitis/Genesys_wrapper/microblaze_0/standalone_domain/bsp/system.mss|system||

TRACE::2020-08-11.17:00:27::SCWMssOS::Sw design exists and opened at  C:/Users/xujia/Genesys/Vitis/Genesys_wrapper/microblaze_0/standalone_domain/bsp/system.mss
TRACE::2020-08-11.17:00:27::SCWWriter::formatted JSON is {
	"platformName":	"Genesys_wrapper",
	"sprVersion":	"2.0",
	"mode":	"gui",
	"dsaType":	"Fixed",
	"platformDesc":	"Genesys_wrapper",
	"platHandOff":	"C:/Users/xujia/Genesys/Bitstream_and_Hardware/Genesys_wrapper.xsa",
	"platIntHandOff":	"<platformDir>/hw/Genesys_wrapper.xsa",
	"deviceType":	"FPGA",
	"platIsPrebuiltAutogen":	"false",
	"platIsNoBootBsp":	"false",
	"hasFsblMakeHasChanges":	"false",
	"hasPmufwMakeHasChanges":	"false",
	"platPreBuiltFlag":	false,
	"platformSamplesDir":	"",
	"platActiveSys":	"Genesys_wrapper",
	"systems":	[{
			"systemName":	"Genesys_wrapper",
			"systemDesc":	"Genesys_wrapper",
			"sysIsBootAutoGen":	"true",
			"systemDispName":	"Genesys_wrapper",
			"sysActiveDom":	"standalone_domain",
			"sysDefaultDom":	"standalone_domain",
			"domains":	[{
					"domainName":	"standalone_domain",
					"domainDispName":	"standalone on microblaze_0",
					"domainDesc":	"standalone_domain",
					"processors":	"microblaze_0",
					"os":	"standalone",
					"sdxOs":	"standalone",
					"debugEnable":	"False",
					"domRuntimes":	["cpp"],
					"swRepo":	"",
					"mssOsVer":	"7.1",
					"mssFile":	"",
					"md5Digest":	"f145395311541f30253cebc51c0742cb",
					"compatibleApp":	"hello_world",
					"domType":	"mssDomain",
					"arch":	"32-bit",
					"appSettings":	{
						"appCompilerFlags":	"",
						"appLinkerFlags":	""
					},
					"addedLibs":	[],
					"libOptions":	{
						"libsContainingOptions":	[]
					},
					"prebuiltLibs":	{
						"prebuiltIncPath":	[],
						"prebuiltLibPath":	[]
					},
					"isolation":	{
					}
				}]
		}]
}
KEYINFO::2020-08-11.17:00:27::SCWPlatform::updated the xpfm file.
TRACE::2020-08-11.17:00:27::SCWPlatform::Trying to open the hw design at C:/Users/xujia/Genesys/Vitis/Genesys_wrapper/hw/Genesys_wrapper.xsa
TRACE::2020-08-11.17:00:27::SCWPlatform::DSA given C:/Users/xujia/Genesys/Vitis/Genesys_wrapper/hw/Genesys_wrapper.xsa
TRACE::2020-08-11.17:00:27::SCWPlatform::DSA absoulate path C:/Users/xujia/Genesys/Vitis/Genesys_wrapper/hw/Genesys_wrapper.xsa
TRACE::2020-08-11.17:00:27::SCWPlatform::DSA directory C:/Users/xujia/Genesys/Vitis/Genesys_wrapper/hw
TRACE::2020-08-11.17:00:27::SCWPlatform:: Platform Path C:/Users/xujia/Genesys/Vitis/Genesys_wrapper/hw/Genesys_wrapper.xsa
TRACE::2020-08-11.17:00:27::SCWPlatform:: Unique name xilinx:genesys2::0.0
TRACE::2020-08-11.17:00:27::SCWPlatform::Trying to set the existing hwdb with name Genesys_wrapper_0
TRACE::2020-08-11.17:00:27::SCWPlatform::Opened existing hwdb Genesys_wrapper_0
TRACE::2020-08-11.17:00:27::SCWPlatform::Found the Hw Db part of the input DSA
TRACE::2020-08-11.17:00:27::SCWMssOS::Checking the sw design at  C:/Users/xujia/Genesys/Vitis/Genesys_wrapper/microblaze_0/standalone_domain/bsp/system.mss
TRACE::2020-08-11.17:00:27::SCWMssOS::DEBUG:  swdes dump  C:/Users/xujia/Genesys/Vitis/Genesys_wrapper/microblaze_0/standalone_domain/bsp/system.mss|system||

TRACE::2020-08-11.17:00:27::SCWMssOS::Sw design exists and opened at  C:/Users/xujia/Genesys/Vitis/Genesys_wrapper/microblaze_0/standalone_domain/bsp/system.mss
TRACE::2020-08-11.17:00:27::SCWPlatform::Trying to open the hw design at C:/Users/xujia/Genesys/Vitis/Genesys_wrapper/hw/Genesys_wrapper.xsa
TRACE::2020-08-11.17:00:27::SCWPlatform::DSA given C:/Users/xujia/Genesys/Vitis/Genesys_wrapper/hw/Genesys_wrapper.xsa
TRACE::2020-08-11.17:00:27::SCWPlatform::DSA absoulate path C:/Users/xujia/Genesys/Vitis/Genesys_wrapper/hw/Genesys_wrapper.xsa
TRACE::2020-08-11.17:00:27::SCWPlatform::DSA directory C:/Users/xujia/Genesys/Vitis/Genesys_wrapper/hw
TRACE::2020-08-11.17:00:27::SCWPlatform:: Platform Path C:/Users/xujia/Genesys/Vitis/Genesys_wrapper/hw/Genesys_wrapper.xsa
TRACE::2020-08-11.17:00:27::SCWPlatform:: Unique name xilinx:genesys2::0.0
TRACE::2020-08-11.17:00:27::SCWPlatform::Trying to set the existing hwdb with name Genesys_wrapper_0
TRACE::2020-08-11.17:00:27::SCWPlatform::Opened existing hwdb Genesys_wrapper_0
TRACE::2020-08-11.17:00:27::SCWPlatform::Found the Hw Db part of the input DSA
TRACE::2020-08-11.17:00:27::SCWMssOS::Checking the sw design at  C:/Users/xujia/Genesys/Vitis/Genesys_wrapper/microblaze_0/standalone_domain/bsp/system.mss
TRACE::2020-08-11.17:00:27::SCWMssOS::DEBUG:  swdes dump  C:/Users/xujia/Genesys/Vitis/Genesys_wrapper/microblaze_0/standalone_domain/bsp/system.mss|system||

TRACE::2020-08-11.17:00:27::SCWMssOS::Sw design exists and opened at  C:/Users/xujia/Genesys/Vitis/Genesys_wrapper/microblaze_0/standalone_domain/bsp/system.mss
TRACE::2020-08-11.17:00:27::SCWPlatform::Trying to open the hw design at C:/Users/xujia/Genesys/Vitis/Genesys_wrapper/hw/Genesys_wrapper.xsa
TRACE::2020-08-11.17:00:27::SCWPlatform::DSA given C:/Users/xujia/Genesys/Vitis/Genesys_wrapper/hw/Genesys_wrapper.xsa
TRACE::2020-08-11.17:00:27::SCWPlatform::DSA absoulate path C:/Users/xujia/Genesys/Vitis/Genesys_wrapper/hw/Genesys_wrapper.xsa
TRACE::2020-08-11.17:00:27::SCWPlatform::DSA directory C:/Users/xujia/Genesys/Vitis/Genesys_wrapper/hw
TRACE::2020-08-11.17:00:27::SCWPlatform:: Platform Path C:/Users/xujia/Genesys/Vitis/Genesys_wrapper/hw/Genesys_wrapper.xsa
TRACE::2020-08-11.17:00:27::SCWPlatform:: Unique name xilinx:genesys2::0.0
TRACE::2020-08-11.17:00:27::SCWPlatform::Trying to set the existing hwdb with name Genesys_wrapper_0
TRACE::2020-08-11.17:00:27::SCWPlatform::Opened existing hwdb Genesys_wrapper_0
TRACE::2020-08-11.17:00:28::SCWPlatform::Found the Hw Db part of the input DSA
TRACE::2020-08-11.17:00:28::SCWMssOS::Checking the sw design at  C:/Users/xujia/Genesys/Vitis/Genesys_wrapper/microblaze_0/standalone_domain/bsp/system.mss
TRACE::2020-08-11.17:00:28::SCWMssOS::DEBUG:  swdes dump  C:/Users/xujia/Genesys/Vitis/Genesys_wrapper/microblaze_0/standalone_domain/bsp/system.mss|system||

TRACE::2020-08-11.17:00:28::SCWMssOS::Sw design exists and opened at  C:/Users/xujia/Genesys/Vitis/Genesys_wrapper/microblaze_0/standalone_domain/bsp/system.mss
TRACE::2020-08-11.17:00:28::SCWPlatform::Trying to open the hw design at C:/Users/xujia/Genesys/Vitis/Genesys_wrapper/hw/Genesys_wrapper.xsa
TRACE::2020-08-11.17:00:28::SCWPlatform::DSA given C:/Users/xujia/Genesys/Vitis/Genesys_wrapper/hw/Genesys_wrapper.xsa
TRACE::2020-08-11.17:00:28::SCWPlatform::DSA absoulate path C:/Users/xujia/Genesys/Vitis/Genesys_wrapper/hw/Genesys_wrapper.xsa
TRACE::2020-08-11.17:00:28::SCWPlatform::DSA directory C:/Users/xujia/Genesys/Vitis/Genesys_wrapper/hw
TRACE::2020-08-11.17:00:28::SCWPlatform:: Platform Path C:/Users/xujia/Genesys/Vitis/Genesys_wrapper/hw/Genesys_wrapper.xsa
TRACE::2020-08-11.17:00:28::SCWPlatform:: Unique name xilinx:genesys2::0.0
TRACE::2020-08-11.17:00:28::SCWPlatform::Trying to set the existing hwdb with name Genesys_wrapper_0
TRACE::2020-08-11.17:00:28::SCWPlatform::Opened existing hwdb Genesys_wrapper_0
TRACE::2020-08-11.17:00:28::SCWPlatform::Found the Hw Db part of the input DSA
TRACE::2020-08-11.17:00:28::SCWMssOS::Checking the sw design at  C:/Users/xujia/Genesys/Vitis/Genesys_wrapper/microblaze_0/standalone_domain/bsp/system.mss
TRACE::2020-08-11.17:00:28::SCWMssOS::DEBUG:  swdes dump  C:/Users/xujia/Genesys/Vitis/Genesys_wrapper/microblaze_0/standalone_domain/bsp/system.mss|system||

TRACE::2020-08-11.17:00:28::SCWMssOS::Sw design exists and opened at  C:/Users/xujia/Genesys/Vitis/Genesys_wrapper/microblaze_0/standalone_domain/bsp/system.mss
TRACE::2020-08-11.17:00:28::SCWWriter::formatted JSON is {
	"platformName":	"Genesys_wrapper",
	"sprVersion":	"2.0",
	"mode":	"gui",
	"dsaType":	"Fixed",
	"platformDesc":	"Genesys_wrapper",
	"platHandOff":	"C:/Users/xujia/Genesys/Bitstream_and_Hardware/Genesys_wrapper.xsa",
	"platIntHandOff":	"<platformDir>/hw/Genesys_wrapper.xsa",
	"deviceType":	"FPGA",
	"platIsPrebuiltAutogen":	"false",
	"platIsNoBootBsp":	"false",
	"hasFsblMakeHasChanges":	"false",
	"hasPmufwMakeHasChanges":	"false",
	"platPreBuiltFlag":	false,
	"platformSamplesDir":	"",
	"platActiveSys":	"Genesys_wrapper",
	"systems":	[{
			"systemName":	"Genesys_wrapper",
			"systemDesc":	"Genesys_wrapper",
			"sysIsBootAutoGen":	"true",
			"systemDispName":	"Genesys_wrapper",
			"sysActiveDom":	"standalone_domain",
			"sysDefaultDom":	"standalone_domain",
			"domains":	[{
					"domainName":	"standalone_domain",
					"domainDispName":	"standalone on microblaze_0",
					"domainDesc":	"standalone_domain",
					"processors":	"microblaze_0",
					"os":	"standalone",
					"sdxOs":	"standalone",
					"debugEnable":	"False",
					"domRuntimes":	["cpp"],
					"swRepo":	"",
					"mssOsVer":	"7.1",
					"mssFile":	"",
					"md5Digest":	"f145395311541f30253cebc51c0742cb",
					"compatibleApp":	"hello_world",
					"domType":	"mssDomain",
					"arch":	"32-bit",
					"appSettings":	{
						"appCompilerFlags":	"",
						"appLinkerFlags":	""
					},
					"addedLibs":	[],
					"libOptions":	{
						"libsContainingOptions":	[]
					},
					"prebuiltLibs":	{
						"prebuiltIncPath":	[],
						"prebuiltLibPath":	[]
					},
					"isolation":	{
					}
				}]
		}]
}
TRACE::2020-08-11.17:00:28::SCWPlatform::Trying to open the hw design at C:/Users/xujia/Genesys/Vitis/Genesys_wrapper/hw/Genesys_wrapper.xsa
TRACE::2020-08-11.17:00:28::SCWPlatform::DSA given C:/Users/xujia/Genesys/Vitis/Genesys_wrapper/hw/Genesys_wrapper.xsa
TRACE::2020-08-11.17:00:28::SCWPlatform::DSA absoulate path C:/Users/xujia/Genesys/Vitis/Genesys_wrapper/hw/Genesys_wrapper.xsa
TRACE::2020-08-11.17:00:28::SCWPlatform::DSA directory C:/Users/xujia/Genesys/Vitis/Genesys_wrapper/hw
TRACE::2020-08-11.17:00:28::SCWPlatform:: Platform Path C:/Users/xujia/Genesys/Vitis/Genesys_wrapper/hw/Genesys_wrapper.xsa
TRACE::2020-08-11.17:00:28::SCWPlatform:: Unique name xilinx:genesys2::0.0
TRACE::2020-08-11.17:00:28::SCWPlatform::Trying to set the existing hwdb with name Genesys_wrapper_0
TRACE::2020-08-11.17:00:28::SCWPlatform::Opened existing hwdb Genesys_wrapper_0
TRACE::2020-08-11.17:00:28::SCWPlatform::Found the Hw Db part of the input DSA
TRACE::2020-08-11.17:00:28::SCWMssOS::Checking the sw design at  C:/Users/xujia/Genesys/Vitis/Genesys_wrapper/microblaze_0/standalone_domain/bsp/system.mss
TRACE::2020-08-11.17:00:28::SCWMssOS::DEBUG:  swdes dump  C:/Users/xujia/Genesys/Vitis/Genesys_wrapper/microblaze_0/standalone_domain/bsp/system.mss|system||

TRACE::2020-08-11.17:00:28::SCWMssOS::Sw design exists and opened at  C:/Users/xujia/Genesys/Vitis/Genesys_wrapper/microblaze_0/standalone_domain/bsp/system.mss
TRACE::2020-08-11.17:00:28::SCWPlatform::Trying to open the hw design at C:/Users/xujia/Genesys/Vitis/Genesys_wrapper/hw/Genesys_wrapper.xsa
TRACE::2020-08-11.17:00:28::SCWPlatform::DSA given C:/Users/xujia/Genesys/Vitis/Genesys_wrapper/hw/Genesys_wrapper.xsa
TRACE::2020-08-11.17:00:28::SCWPlatform::DSA absoulate path C:/Users/xujia/Genesys/Vitis/Genesys_wrapper/hw/Genesys_wrapper.xsa
TRACE::2020-08-11.17:00:28::SCWPlatform::DSA directory C:/Users/xujia/Genesys/Vitis/Genesys_wrapper/hw
TRACE::2020-08-11.17:00:28::SCWPlatform:: Platform Path C:/Users/xujia/Genesys/Vitis/Genesys_wrapper/hw/Genesys_wrapper.xsa
TRACE::2020-08-11.17:00:28::SCWPlatform:: Unique name xilinx:genesys2::0.0
TRACE::2020-08-11.17:00:28::SCWPlatform::Trying to set the existing hwdb with name Genesys_wrapper_0
TRACE::2020-08-11.17:00:28::SCWPlatform::Opened existing hwdb Genesys_wrapper_0
TRACE::2020-08-11.17:00:28::SCWPlatform::Found the Hw Db part of the input DSA
TRACE::2020-08-11.17:00:28::SCWMssOS::Checking the sw design at  C:/Users/xujia/Genesys/Vitis/Genesys_wrapper/microblaze_0/standalone_domain/bsp/system.mss
TRACE::2020-08-11.17:00:28::SCWMssOS::DEBUG:  swdes dump  C:/Users/xujia/Genesys/Vitis/Genesys_wrapper/microblaze_0/standalone_domain/bsp/system.mss|system||

TRACE::2020-08-11.17:00:28::SCWMssOS::Sw design exists and opened at  C:/Users/xujia/Genesys/Vitis/Genesys_wrapper/microblaze_0/standalone_domain/bsp/system.mss
TRACE::2020-08-11.17:00:28::SCWPlatform::Trying to open the hw design at C:/Users/xujia/Genesys/Vitis/Genesys_wrapper/hw/Genesys_wrapper.xsa
TRACE::2020-08-11.17:00:28::SCWPlatform::DSA given C:/Users/xujia/Genesys/Vitis/Genesys_wrapper/hw/Genesys_wrapper.xsa
TRACE::2020-08-11.17:00:28::SCWPlatform::DSA absoulate path C:/Users/xujia/Genesys/Vitis/Genesys_wrapper/hw/Genesys_wrapper.xsa
TRACE::2020-08-11.17:00:28::SCWPlatform::DSA directory C:/Users/xujia/Genesys/Vitis/Genesys_wrapper/hw
TRACE::2020-08-11.17:00:28::SCWPlatform:: Platform Path C:/Users/xujia/Genesys/Vitis/Genesys_wrapper/hw/Genesys_wrapper.xsa
TRACE::2020-08-11.17:00:28::SCWPlatform:: Unique name xilinx:genesys2::0.0
TRACE::2020-08-11.17:00:28::SCWPlatform::Trying to set the existing hwdb with name Genesys_wrapper_0
TRACE::2020-08-11.17:00:28::SCWPlatform::Opened existing hwdb Genesys_wrapper_0
TRACE::2020-08-11.17:00:28::SCWPlatform::Found the Hw Db part of the input DSA
TRACE::2020-08-11.17:00:28::SCWMssOS::Checking the sw design at  C:/Users/xujia/Genesys/Vitis/Genesys_wrapper/microblaze_0/standalone_domain/bsp/system.mss
TRACE::2020-08-11.17:00:28::SCWMssOS::DEBUG:  swdes dump  C:/Users/xujia/Genesys/Vitis/Genesys_wrapper/microblaze_0/standalone_domain/bsp/system.mss|system||

TRACE::2020-08-11.17:00:28::SCWMssOS::Sw design exists and opened at  C:/Users/xujia/Genesys/Vitis/Genesys_wrapper/microblaze_0/standalone_domain/bsp/system.mss
TRACE::2020-08-11.17:00:28::SCWPlatform::Trying to open the hw design at C:/Users/xujia/Genesys/Vitis/Genesys_wrapper/hw/Genesys_wrapper.xsa
TRACE::2020-08-11.17:00:28::SCWPlatform::DSA given C:/Users/xujia/Genesys/Vitis/Genesys_wrapper/hw/Genesys_wrapper.xsa
TRACE::2020-08-11.17:00:28::SCWPlatform::DSA absoulate path C:/Users/xujia/Genesys/Vitis/Genesys_wrapper/hw/Genesys_wrapper.xsa
TRACE::2020-08-11.17:00:28::SCWPlatform::DSA directory C:/Users/xujia/Genesys/Vitis/Genesys_wrapper/hw
TRACE::2020-08-11.17:00:28::SCWPlatform:: Platform Path C:/Users/xujia/Genesys/Vitis/Genesys_wrapper/hw/Genesys_wrapper.xsa
TRACE::2020-08-11.17:00:28::SCWPlatform:: Unique name xilinx:genesys2::0.0
TRACE::2020-08-11.17:00:28::SCWPlatform::Trying to set the existing hwdb with name Genesys_wrapper_0
TRACE::2020-08-11.17:00:28::SCWPlatform::Opened existing hwdb Genesys_wrapper_0
TRACE::2020-08-11.17:00:28::SCWPlatform::Found the Hw Db part of the input DSA
TRACE::2020-08-11.17:00:28::SCWMssOS::Checking the sw design at  C:/Users/xujia/Genesys/Vitis/Genesys_wrapper/microblaze_0/standalone_domain/bsp/system.mss
TRACE::2020-08-11.17:00:28::SCWMssOS::DEBUG:  swdes dump  C:/Users/xujia/Genesys/Vitis/Genesys_wrapper/microblaze_0/standalone_domain/bsp/system.mss|system||

TRACE::2020-08-11.17:00:28::SCWMssOS::Sw design exists and opened at  C:/Users/xujia/Genesys/Vitis/Genesys_wrapper/microblaze_0/standalone_domain/bsp/system.mss
TRACE::2020-08-11.17:00:28::SCWPlatform::Trying to open the hw design at C:/Users/xujia/Genesys/Vitis/Genesys_wrapper/hw/Genesys_wrapper.xsa
TRACE::2020-08-11.17:00:28::SCWPlatform::DSA given C:/Users/xujia/Genesys/Vitis/Genesys_wrapper/hw/Genesys_wrapper.xsa
TRACE::2020-08-11.17:00:28::SCWPlatform::DSA absoulate path C:/Users/xujia/Genesys/Vitis/Genesys_wrapper/hw/Genesys_wrapper.xsa
TRACE::2020-08-11.17:00:28::SCWPlatform::DSA directory C:/Users/xujia/Genesys/Vitis/Genesys_wrapper/hw
TRACE::2020-08-11.17:00:28::SCWPlatform:: Platform Path C:/Users/xujia/Genesys/Vitis/Genesys_wrapper/hw/Genesys_wrapper.xsa
TRACE::2020-08-11.17:00:28::SCWPlatform:: Unique name xilinx:genesys2::0.0
TRACE::2020-08-11.17:00:28::SCWPlatform::Trying to set the existing hwdb with name Genesys_wrapper_0
TRACE::2020-08-11.17:00:28::SCWPlatform::Opened existing hwdb Genesys_wrapper_0
TRACE::2020-08-11.17:00:28::SCWPlatform::Found the Hw Db part of the input DSA
TRACE::2020-08-11.17:00:28::SCWMssOS::Checking the sw design at  C:/Users/xujia/Genesys/Vitis/Genesys_wrapper/microblaze_0/standalone_domain/bsp/system.mss
TRACE::2020-08-11.17:00:28::SCWMssOS::DEBUG:  swdes dump  C:/Users/xujia/Genesys/Vitis/Genesys_wrapper/microblaze_0/standalone_domain/bsp/system.mss|system||

TRACE::2020-08-11.17:00:28::SCWMssOS::Sw design exists and opened at  C:/Users/xujia/Genesys/Vitis/Genesys_wrapper/microblaze_0/standalone_domain/bsp/system.mss
TRACE::2020-08-11.17:00:28::SCWWriter::formatted JSON is {
	"platformName":	"Genesys_wrapper",
	"sprVersion":	"2.0",
	"mode":	"gui",
	"dsaType":	"Fixed",
	"platformDesc":	"Genesys_wrapper",
	"platHandOff":	"C:/Users/xujia/Genesys/Bitstream_and_Hardware/Genesys_wrapper.xsa",
	"platIntHandOff":	"<platformDir>/hw/Genesys_wrapper.xsa",
	"deviceType":	"FPGA",
	"platIsPrebuiltAutogen":	"false",
	"platIsNoBootBsp":	"false",
	"hasFsblMakeHasChanges":	"false",
	"hasPmufwMakeHasChanges":	"false",
	"platPreBuiltFlag":	false,
	"platformSamplesDir":	"",
	"platActiveSys":	"Genesys_wrapper",
	"systems":	[{
			"systemName":	"Genesys_wrapper",
			"systemDesc":	"Genesys_wrapper",
			"sysIsBootAutoGen":	"true",
			"systemDispName":	"Genesys_wrapper",
			"sysActiveDom":	"standalone_domain",
			"sysDefaultDom":	"standalone_domain",
			"domains":	[{
					"domainName":	"standalone_domain",
					"domainDispName":	"standalone on microblaze_0",
					"domainDesc":	"standalone_domain",
					"processors":	"microblaze_0",
					"os":	"standalone",
					"sdxOs":	"standalone",
					"debugEnable":	"False",
					"domRuntimes":	["cpp"],
					"swRepo":	"",
					"mssOsVer":	"7.1",
					"mssFile":	"",
					"md5Digest":	"f145395311541f30253cebc51c0742cb",
					"compatibleApp":	"hello_world",
					"domType":	"mssDomain",
					"arch":	"32-bit",
					"appSettings":	{
						"appCompilerFlags":	"",
						"appLinkerFlags":	""
					},
					"addedLibs":	[],
					"libOptions":	{
						"libsContainingOptions":	[]
					},
					"prebuiltLibs":	{
						"prebuiltIncPath":	[],
						"prebuiltLibPath":	[]
					},
					"isolation":	{
					}
				}]
		}]
}
LOG::2020-08-11.17:00:29::SCWPlatform::Started generating the artifacts platform Genesys_wrapper
TRACE::2020-08-11.17:00:29::SCWPlatform::Sanity checking of platform is completed
LOG::2020-08-11.17:00:29::SCWPlatform::Started generating the artifacts for system configuration Genesys_wrapper
LOG::2020-08-11.17:00:29::SCWSystem::Started Processing the domain standalone_domain
TRACE::2020-08-11.17:00:29::SCWDomain::Generating domain artifcats
TRACE::2020-08-11.17:00:29::SCWMssOS::Generating standalone artifcats
TRACE::2020-08-11.17:00:29::SCWMssOS:: Copying the user libraries. 
TRACE::2020-08-11.17:00:29::SCWPlatform::Trying to open the hw design at C:/Users/xujia/Genesys/Vitis/Genesys_wrapper/hw/Genesys_wrapper.xsa
TRACE::2020-08-11.17:00:29::SCWPlatform::DSA given C:/Users/xujia/Genesys/Vitis/Genesys_wrapper/hw/Genesys_wrapper.xsa
TRACE::2020-08-11.17:00:29::SCWPlatform::DSA absoulate path C:/Users/xujia/Genesys/Vitis/Genesys_wrapper/hw/Genesys_wrapper.xsa
TRACE::2020-08-11.17:00:29::SCWPlatform::DSA directory C:/Users/xujia/Genesys/Vitis/Genesys_wrapper/hw
TRACE::2020-08-11.17:00:29::SCWPlatform:: Platform Path C:/Users/xujia/Genesys/Vitis/Genesys_wrapper/hw/Genesys_wrapper.xsa
TRACE::2020-08-11.17:00:29::SCWPlatform:: Unique name xilinx:genesys2::0.0
TRACE::2020-08-11.17:00:29::SCWPlatform::Trying to set the existing hwdb with name Genesys_wrapper_0
TRACE::2020-08-11.17:00:29::SCWPlatform::Opened existing hwdb Genesys_wrapper_0
TRACE::2020-08-11.17:00:29::SCWPlatform::Found the Hw Db part of the input DSA
TRACE::2020-08-11.17:00:29::SCWMssOS::Checking the sw design at  C:/Users/xujia/Genesys/Vitis/Genesys_wrapper/microblaze_0/standalone_domain/bsp/system.mss
TRACE::2020-08-11.17:00:29::SCWMssOS::DEBUG:  swdes dump  C:/Users/xujia/Genesys/Vitis/Genesys_wrapper/microblaze_0/standalone_domain/bsp/system.mss|system||

TRACE::2020-08-11.17:00:29::SCWMssOS::Sw design exists and opened at  C:/Users/xujia/Genesys/Vitis/Genesys_wrapper/microblaze_0/standalone_domain/bsp/system.mss
TRACE::2020-08-11.17:00:29::SCWMssOS::Completed writing the mss file at C:/Users/xujia/Genesys/Vitis/Genesys_wrapper/microblaze_0/standalone_domain/bsp
TRACE::2020-08-11.17:00:29::SCWMssOS::Mss edits present, copying mssfile into export location C:/Users/xujia/Genesys/Vitis/Genesys_wrapper/microblaze_0/standalone_domain/bsp/system.mss
TRACE::2020-08-11.17:00:29::SCWMssOS::bsp generated is upto date with the mss file. Skipping bsp generation.
TRACE::2020-08-11.17:00:29::SCWMssOS::BSP is already built. skipping the bsp build ... 
TRACE::2020-08-11.17:00:29::SCWDomain::Building the domain as part of full build :  standalone_domain
TRACE::2020-08-11.17:00:29::SCWMssOS::skipping the bsp build ... 
TRACE::2020-08-11.17:00:29::SCWMssOS::Copying to export directory.
TRACE::2020-08-11.17:00:29::SCWMssOS:: Checking if to create the Supporting Applications
TRACE::2020-08-11.17:00:29::SCWMssOS:: No Linux domain exists, trying to generate FSBL 
LOG::2020-08-11.17:00:29::SCWSystem::Completed Processing the domain standalone_domain
LOG::2020-08-11.17:00:29::SCWSystem::Completed Processing the sysconfig Genesys_wrapper
LOG::2020-08-11.17:00:29::SCWPlatform::Completed generating the artifacts for system configuration Genesys_wrapper
TRACE::2020-08-11.17:00:29::SCWPlatform::Started preparing the platform 
TRACE::2020-08-11.17:00:29::SCWSystem::Writing the bif file for system config Genesys_wrapper
TRACE::2020-08-11.17:00:29::SCWSystem::dir created 
TRACE::2020-08-11.17:00:29::SCWSystem::Writing the bif 
TRACE::2020-08-11.17:00:29::SCWPlatform::Started writing the spfm file 
TRACE::2020-08-11.17:00:29::SCWPlatform::Started writing the xpfm file 
TRACE::2020-08-11.17:00:29::SCWPlatform::Completed generating the platform
TRACE::2020-08-11.17:00:29::SCWPlatform::Trying to open the hw design at C:/Users/xujia/Genesys/Vitis/Genesys_wrapper/hw/Genesys_wrapper.xsa
TRACE::2020-08-11.17:00:29::SCWPlatform::DSA given C:/Users/xujia/Genesys/Vitis/Genesys_wrapper/hw/Genesys_wrapper.xsa
TRACE::2020-08-11.17:00:29::SCWPlatform::DSA absoulate path C:/Users/xujia/Genesys/Vitis/Genesys_wrapper/hw/Genesys_wrapper.xsa
TRACE::2020-08-11.17:00:29::SCWPlatform::DSA directory C:/Users/xujia/Genesys/Vitis/Genesys_wrapper/hw
TRACE::2020-08-11.17:00:29::SCWPlatform:: Platform Path C:/Users/xujia/Genesys/Vitis/Genesys_wrapper/hw/Genesys_wrapper.xsa
TRACE::2020-08-11.17:00:29::SCWPlatform:: Unique name xilinx:genesys2::0.0
TRACE::2020-08-11.17:00:29::SCWPlatform::Trying to set the existing hwdb with name Genesys_wrapper_0
TRACE::2020-08-11.17:00:29::SCWPlatform::Opened existing hwdb Genesys_wrapper_0
TRACE::2020-08-11.17:00:29::SCWPlatform::Found the Hw Db part of the input DSA
TRACE::2020-08-11.17:00:29::SCWMssOS::Checking the sw design at  C:/Users/xujia/Genesys/Vitis/Genesys_wrapper/microblaze_0/standalone_domain/bsp/system.mss
TRACE::2020-08-11.17:00:29::SCWMssOS::DEBUG:  swdes dump  C:/Users/xujia/Genesys/Vitis/Genesys_wrapper/microblaze_0/standalone_domain/bsp/system.mss|system||

TRACE::2020-08-11.17:00:29::SCWMssOS::Sw design exists and opened at  C:/Users/xujia/Genesys/Vitis/Genesys_wrapper/microblaze_0/standalone_domain/bsp/system.mss
TRACE::2020-08-11.17:00:29::SCWPlatform::Trying to open the hw design at C:/Users/xujia/Genesys/Vitis/Genesys_wrapper/hw/Genesys_wrapper.xsa
TRACE::2020-08-11.17:00:29::SCWPlatform::DSA given C:/Users/xujia/Genesys/Vitis/Genesys_wrapper/hw/Genesys_wrapper.xsa
TRACE::2020-08-11.17:00:29::SCWPlatform::DSA absoulate path C:/Users/xujia/Genesys/Vitis/Genesys_wrapper/hw/Genesys_wrapper.xsa
TRACE::2020-08-11.17:00:29::SCWPlatform::DSA directory C:/Users/xujia/Genesys/Vitis/Genesys_wrapper/hw
TRACE::2020-08-11.17:00:29::SCWPlatform:: Platform Path C:/Users/xujia/Genesys/Vitis/Genesys_wrapper/hw/Genesys_wrapper.xsa
TRACE::2020-08-11.17:00:29::SCWPlatform:: Unique name xilinx:genesys2::0.0
TRACE::2020-08-11.17:00:29::SCWPlatform::Trying to set the existing hwdb with name Genesys_wrapper_0
TRACE::2020-08-11.17:00:29::SCWPlatform::Opened existing hwdb Genesys_wrapper_0
TRACE::2020-08-11.17:00:29::SCWPlatform::Found the Hw Db part of the input DSA
TRACE::2020-08-11.17:00:29::SCWMssOS::Checking the sw design at  C:/Users/xujia/Genesys/Vitis/Genesys_wrapper/microblaze_0/standalone_domain/bsp/system.mss
TRACE::2020-08-11.17:00:29::SCWMssOS::DEBUG:  swdes dump  C:/Users/xujia/Genesys/Vitis/Genesys_wrapper/microblaze_0/standalone_domain/bsp/system.mss|system||

TRACE::2020-08-11.17:00:29::SCWMssOS::Sw design exists and opened at  C:/Users/xujia/Genesys/Vitis/Genesys_wrapper/microblaze_0/standalone_domain/bsp/system.mss
TRACE::2020-08-11.17:00:29::SCWPlatform::Trying to open the hw design at C:/Users/xujia/Genesys/Vitis/Genesys_wrapper/hw/Genesys_wrapper.xsa
TRACE::2020-08-11.17:00:29::SCWPlatform::DSA given C:/Users/xujia/Genesys/Vitis/Genesys_wrapper/hw/Genesys_wrapper.xsa
TRACE::2020-08-11.17:00:29::SCWPlatform::DSA absoulate path C:/Users/xujia/Genesys/Vitis/Genesys_wrapper/hw/Genesys_wrapper.xsa
TRACE::2020-08-11.17:00:29::SCWPlatform::DSA directory C:/Users/xujia/Genesys/Vitis/Genesys_wrapper/hw
TRACE::2020-08-11.17:00:29::SCWPlatform:: Platform Path C:/Users/xujia/Genesys/Vitis/Genesys_wrapper/hw/Genesys_wrapper.xsa
TRACE::2020-08-11.17:00:29::SCWPlatform:: Unique name xilinx:genesys2::0.0
TRACE::2020-08-11.17:00:29::SCWPlatform::Trying to set the existing hwdb with name Genesys_wrapper_0
TRACE::2020-08-11.17:00:29::SCWPlatform::Opened existing hwdb Genesys_wrapper_0
TRACE::2020-08-11.17:00:29::SCWPlatform::Found the Hw Db part of the input DSA
TRACE::2020-08-11.17:00:29::SCWMssOS::Checking the sw design at  C:/Users/xujia/Genesys/Vitis/Genesys_wrapper/microblaze_0/standalone_domain/bsp/system.mss
TRACE::2020-08-11.17:00:29::SCWMssOS::DEBUG:  swdes dump  C:/Users/xujia/Genesys/Vitis/Genesys_wrapper/microblaze_0/standalone_domain/bsp/system.mss|system||

TRACE::2020-08-11.17:00:29::SCWMssOS::Sw design exists and opened at  C:/Users/xujia/Genesys/Vitis/Genesys_wrapper/microblaze_0/standalone_domain/bsp/system.mss
TRACE::2020-08-11.17:00:29::SCWWriter::formatted JSON is {
	"platformName":	"Genesys_wrapper",
	"sprVersion":	"2.0",
	"mode":	"gui",
	"dsaType":	"Fixed",
	"platformDesc":	"Genesys_wrapper",
	"platHandOff":	"C:/Users/xujia/Genesys/Bitstream_and_Hardware/Genesys_wrapper.xsa",
	"platIntHandOff":	"<platformDir>/hw/Genesys_wrapper.xsa",
	"deviceType":	"FPGA",
	"platIsPrebuiltAutogen":	"false",
	"platIsNoBootBsp":	"false",
	"hasFsblMakeHasChanges":	"false",
	"hasPmufwMakeHasChanges":	"false",
	"platPreBuiltFlag":	false,
	"platformSamplesDir":	"",
	"platActiveSys":	"Genesys_wrapper",
	"systems":	[{
			"systemName":	"Genesys_wrapper",
			"systemDesc":	"Genesys_wrapper",
			"sysIsBootAutoGen":	"true",
			"systemDispName":	"Genesys_wrapper",
			"sysActiveDom":	"standalone_domain",
			"sysDefaultDom":	"standalone_domain",
			"domains":	[{
					"domainName":	"standalone_domain",
					"domainDispName":	"standalone on microblaze_0",
					"domainDesc":	"standalone_domain",
					"processors":	"microblaze_0",
					"os":	"standalone",
					"sdxOs":	"standalone",
					"debugEnable":	"False",
					"domRuntimes":	["cpp"],
					"swRepo":	"",
					"mssOsVer":	"7.1",
					"mssFile":	"",
					"md5Digest":	"f145395311541f30253cebc51c0742cb",
					"compatibleApp":	"hello_world",
					"domType":	"mssDomain",
					"arch":	"32-bit",
					"appSettings":	{
						"appCompilerFlags":	"",
						"appLinkerFlags":	""
					},
					"addedLibs":	[],
					"libOptions":	{
						"libsContainingOptions":	[]
					},
					"prebuiltLibs":	{
						"prebuiltIncPath":	[],
						"prebuiltLibPath":	[]
					},
					"isolation":	{
					}
				}]
		}]
}
KEYINFO::2020-08-11.17:00:29::SCWPlatform::updated the xpfm file.
LOG::2020-08-11.17:02:19::SCWPlatform::Started generating the artifacts platform Genesys_wrapper
TRACE::2020-08-11.17:02:19::SCWPlatform::Sanity checking of platform is completed
LOG::2020-08-11.17:02:19::SCWPlatform::Started generating the artifacts for system configuration Genesys_wrapper
LOG::2020-08-11.17:02:19::SCWSystem::Checking the domain standalone_domain
LOG::2020-08-11.17:02:19::SCWSystem::Not a boot domain 
LOG::2020-08-11.17:02:19::SCWSystem::Started Processing the domain standalone_domain
TRACE::2020-08-11.17:02:19::SCWDomain::Generating domain artifcats
TRACE::2020-08-11.17:02:19::SCWMssOS::Generating standalone artifcats
TRACE::2020-08-11.17:02:19::SCWMssOS:: Copying the user libraries. 
TRACE::2020-08-11.17:02:19::SCWPlatform::Trying to open the hw design at C:/Users/xujia/Genesys/Vitis/Genesys_wrapper/hw/Genesys_wrapper.xsa
TRACE::2020-08-11.17:02:19::SCWPlatform::DSA given C:/Users/xujia/Genesys/Vitis/Genesys_wrapper/hw/Genesys_wrapper.xsa
TRACE::2020-08-11.17:02:19::SCWPlatform::DSA absoulate path C:/Users/xujia/Genesys/Vitis/Genesys_wrapper/hw/Genesys_wrapper.xsa
TRACE::2020-08-11.17:02:19::SCWPlatform::DSA directory C:/Users/xujia/Genesys/Vitis/Genesys_wrapper/hw
TRACE::2020-08-11.17:02:19::SCWPlatform:: Platform Path C:/Users/xujia/Genesys/Vitis/Genesys_wrapper/hw/Genesys_wrapper.xsa
TRACE::2020-08-11.17:02:19::SCWPlatform:: Unique name xilinx:genesys2::0.0
TRACE::2020-08-11.17:02:19::SCWPlatform::Trying to set the existing hwdb with name Genesys_wrapper_0
TRACE::2020-08-11.17:02:19::SCWPlatform::Opened existing hwdb Genesys_wrapper_0
TRACE::2020-08-11.17:02:19::SCWPlatform::Found the Hw Db part of the input DSA
TRACE::2020-08-11.17:02:20::SCWMssOS::Checking the sw design at  C:/Users/xujia/Genesys/Vitis/Genesys_wrapper/microblaze_0/standalone_domain/bsp/system.mss
TRACE::2020-08-11.17:02:20::SCWMssOS::DEBUG:  swdes dump  C:/Users/xujia/Genesys/Vitis/Genesys_wrapper/microblaze_0/standalone_domain/bsp/system.mss|system||

TRACE::2020-08-11.17:02:20::SCWMssOS::Sw design exists and opened at  C:/Users/xujia/Genesys/Vitis/Genesys_wrapper/microblaze_0/standalone_domain/bsp/system.mss
TRACE::2020-08-11.17:02:20::SCWMssOS::Completed writing the mss file at C:/Users/xujia/Genesys/Vitis/Genesys_wrapper/microblaze_0/standalone_domain/bsp
TRACE::2020-08-11.17:02:20::SCWMssOS::Mss edits present, copying mssfile into export location C:/Users/xujia/Genesys/Vitis/Genesys_wrapper/microblaze_0/standalone_domain/bsp/system.mss
TRACE::2020-08-11.17:02:20::SCWMssOS::bsp generated is upto date with the mss file. Skipping bsp generation.
TRACE::2020-08-11.17:02:20::SCWMssOS::BSP is already built. skipping the bsp build ... 
TRACE::2020-08-11.17:02:20::SCWDomain::Building the domain as part of full build :  standalone_domain
TRACE::2020-08-11.17:02:20::SCWMssOS::doing bsp build ... 
TRACE::2020-08-11.17:02:20::SCWMssOS::System Command Ran  C: & cd  C:/Users/xujia/Genesys/Vitis/Genesys_wrapper/microblaze_0/standalone_domain/bsp & make 
TRACE::2020-08-11.17:02:20::SCWMssOS::"Running Make include in microblaze_0/libsrc/bram_v4_3/src"

TRACE::2020-08-11.17:02:20::SCWMssOS::make -C microblaze_0/libsrc/bram_v4_3/src -s include  "SHELL=CMD" "COMPILER=mb-gcc" "ASSEMBLER=mb-as" "ARCHIVER=mb-ar" "COMPILE
TRACE::2020-08-11.17:02:20::SCWMssOS::R_FLAGS=  -O2 -c -mcpu=v11.0 -mlittle-endian -mxl-soft-mul" "EXTRA_COMPILER_FLAGS=-g -ffunction-sections -fdata-sections -Wall 
TRACE::2020-08-11.17:02:20::SCWMssOS::-Wextra"

TRACE::2020-08-11.17:02:21::SCWMssOS::"Running Make include in microblaze_0/libsrc/cpu_v2_10/src"

TRACE::2020-08-11.17:02:21::SCWMssOS::make -C microblaze_0/libsrc/cpu_v2_10/src -s include  "SHELL=CMD" "COMPILER=mb-gcc" "ASSEMBLER=mb-as" "ARCHIVER=mb-ar" "COMPILE
TRACE::2020-08-11.17:02:21::SCWMssOS::R_FLAGS=  -O2 -c -mcpu=v11.0 -mlittle-endian -mxl-soft-mul" "EXTRA_COMPILER_FLAGS=-g -ffunction-sections -fdata-sections -Wall 
TRACE::2020-08-11.17:02:21::SCWMssOS::-Wextra"

TRACE::2020-08-11.17:02:21::SCWMssOS::"Running Make include in microblaze_0/libsrc/gpio_v4_5/src"

TRACE::2020-08-11.17:02:21::SCWMssOS::make -C microblaze_0/libsrc/gpio_v4_5/src -s include  "SHELL=CMD" "COMPILER=mb-gcc" "ASSEMBLER=mb-as" "ARCHIVER=mb-ar" "COMPILE
TRACE::2020-08-11.17:02:21::SCWMssOS::R_FLAGS=  -O2 -c -mcpu=v11.0 -mlittle-endian -mxl-soft-mul" "EXTRA_COMPILER_FLAGS=-g -ffunction-sections -fdata-sections -Wall 
TRACE::2020-08-11.17:02:21::SCWMssOS::-Wextra"

TRACE::2020-08-11.17:02:21::SCWMssOS::"Running Make include in microblaze_0/libsrc/standalone_v7_1/src"

TRACE::2020-08-11.17:02:21::SCWMssOS::make -C microblaze_0/libsrc/standalone_v7_1/src -s include  "SHELL=CMD" "COMPILER=mb-gcc" "ASSEMBLER=mb-as" "ARCHIVER=mb-ar" "C
TRACE::2020-08-11.17:02:21::SCWMssOS::OMPILER_FLAGS=  -O2 -c -mcpu=v11.0 -mlittle-endian -mxl-soft-mul" "EXTRA_COMPILER_FLAGS=-g -ffunction-sections -fdata-sections 
TRACE::2020-08-11.17:02:21::SCWMssOS::-Wall -Wextra"

TRACE::2020-08-11.17:02:21::SCWMssOS::"Running Make include in microblaze_0/libsrc/uartlite_v3_3/src"

TRACE::2020-08-11.17:02:21::SCWMssOS::make -C microblaze_0/libsrc/uartlite_v3_3/src -s include  "SHELL=CMD" "COMPILER=mb-gcc" "ASSEMBLER=mb-as" "ARCHIVER=mb-ar" "COM
TRACE::2020-08-11.17:02:21::SCWMssOS::PILER_FLAGS=  -O2 -c -mcpu=v11.0 -mlittle-endian -mxl-soft-mul" "EXTRA_COMPILER_FLAGS=-g -ffunction-sections -fdata-sections -W
TRACE::2020-08-11.17:02:21::SCWMssOS::all -Wextra"

TRACE::2020-08-11.17:02:22::SCWMssOS::"Running Make libs in microblaze_0/libsrc/bram_v4_3/src"

TRACE::2020-08-11.17:02:22::SCWMssOS::make -C microblaze_0/libsrc/bram_v4_3/src -s libs  "SHELL=CMD" "COMPILER=mb-gcc" "ASSEMBLER=mb-as" "ARCHIVER=mb-ar" "COMPILER_F
TRACE::2020-08-11.17:02:22::SCWMssOS::LAGS=  -O2 -c -mcpu=v11.0 -mlittle-endian -mxl-soft-mul" "EXTRA_COMPILER_FLAGS=-g -ffunction-sections -fdata-sections -Wall -We
TRACE::2020-08-11.17:02:22::SCWMssOS::xtra"

TRACE::2020-08-11.17:02:22::SCWMssOS::"Compiling bram"

TRACE::2020-08-11.17:02:23::SCWMssOS::"Running Make libs in microblaze_0/libsrc/cpu_v2_10/src"

TRACE::2020-08-11.17:02:23::SCWMssOS::make -C microblaze_0/libsrc/cpu_v2_10/src -s libs  "SHELL=CMD" "COMPILER=mb-gcc" "ASSEMBLER=mb-as" "ARCHIVER=mb-ar" "COMPILER_F
TRACE::2020-08-11.17:02:23::SCWMssOS::LAGS=  -O2 -c -mcpu=v11.0 -mlittle-endian -mxl-soft-mul" "EXTRA_COMPILER_FLAGS=-g -ffunction-sections -fdata-sections -Wall -We
TRACE::2020-08-11.17:02:23::SCWMssOS::xtra"

TRACE::2020-08-11.17:02:23::SCWMssOS::"Compiling cpu"

TRACE::2020-08-11.17:02:23::SCWMssOS::"Running Make libs in microblaze_0/libsrc/gpio_v4_5/src"

TRACE::2020-08-11.17:02:23::SCWMssOS::make -C microblaze_0/libsrc/gpio_v4_5/src -s libs  "SHELL=CMD" "COMPILER=mb-gcc" "ASSEMBLER=mb-as" "ARCHIVER=mb-ar" "COMPILER_F
TRACE::2020-08-11.17:02:23::SCWMssOS::LAGS=  -O2 -c -mcpu=v11.0 -mlittle-endian -mxl-soft-mul" "EXTRA_COMPILER_FLAGS=-g -ffunction-sections -fdata-sections -Wall -We
TRACE::2020-08-11.17:02:23::SCWMssOS::xtra"

TRACE::2020-08-11.17:02:23::SCWMssOS::"Compiling gpio"

TRACE::2020-08-11.17:02:24::SCWMssOS::"Running Make libs in microblaze_0/libsrc/standalone_v7_1/src"

TRACE::2020-08-11.17:02:24::SCWMssOS::make -C microblaze_0/libsrc/standalone_v7_1/src -s libs  "SHELL=CMD" "COMPILER=mb-gcc" "ASSEMBLER=mb-as" "ARCHIVER=mb-ar" "COMP
TRACE::2020-08-11.17:02:24::SCWMssOS::ILER_FLAGS=  -O2 -c -mcpu=v11.0 -mlittle-endian -mxl-soft-mul" "EXTRA_COMPILER_FLAGS=-g -ffunction-sections -fdata-sections -Wa
TRACE::2020-08-11.17:02:24::SCWMssOS::ll -Wextra"

TRACE::2020-08-11.17:02:24::SCWMssOS::"Compiling standalone";

TRACE::2020-08-11.17:02:30::SCWMssOS::"Running Make libs in microblaze_0/libsrc/uartlite_v3_3/src"

TRACE::2020-08-11.17:02:30::SCWMssOS::make -C microblaze_0/libsrc/uartlite_v3_3/src -s libs  "SHELL=CMD" "COMPILER=mb-gcc" "ASSEMBLER=mb-as" "ARCHIVER=mb-ar" "COMPIL
TRACE::2020-08-11.17:02:30::SCWMssOS::ER_FLAGS=  -O2 -c -mcpu=v11.0 -mlittle-endian -mxl-soft-mul" "EXTRA_COMPILER_FLAGS=-g -ffunction-sections -fdata-sections -Wall
TRACE::2020-08-11.17:02:30::SCWMssOS:: -Wextra"

TRACE::2020-08-11.17:02:30::SCWMssOS::"Compiling uartlite"

TRACE::2020-08-11.17:02:31::SCWMssOS::'Finished building libraries'

TRACE::2020-08-11.17:02:31::SCWMssOS::Copying to export directory.
TRACE::2020-08-11.17:02:31::SCWMssOS:: Checking if to create the Supporting Applications
TRACE::2020-08-11.17:02:31::SCWMssOS:: No Linux domain exists, trying to generate FSBL 
LOG::2020-08-11.17:02:31::SCWSystem::Completed Processing the domain standalone_domain
LOG::2020-08-11.17:02:31::SCWSystem::Completed Processing the sysconfig Genesys_wrapper
LOG::2020-08-11.17:02:31::SCWPlatform::Completed generating the artifacts for system configuration Genesys_wrapper
TRACE::2020-08-11.17:02:32::SCWPlatform::Started preparing the platform 
TRACE::2020-08-11.17:02:32::SCWSystem::Writing the bif file for system config Genesys_wrapper
TRACE::2020-08-11.17:02:32::SCWSystem::dir created 
TRACE::2020-08-11.17:02:32::SCWSystem::Writing the bif 
TRACE::2020-08-11.17:02:32::SCWPlatform::Started writing the spfm file 
TRACE::2020-08-11.17:02:32::SCWPlatform::Started writing the xpfm file 
TRACE::2020-08-11.17:02:32::SCWPlatform::Completed generating the platform
TRACE::2020-08-11.17:02:32::SCWPlatform::Trying to open the hw design at C:/Users/xujia/Genesys/Vitis/Genesys_wrapper/hw/Genesys_wrapper.xsa
TRACE::2020-08-11.17:02:32::SCWPlatform::DSA given C:/Users/xujia/Genesys/Vitis/Genesys_wrapper/hw/Genesys_wrapper.xsa
TRACE::2020-08-11.17:02:32::SCWPlatform::DSA absoulate path C:/Users/xujia/Genesys/Vitis/Genesys_wrapper/hw/Genesys_wrapper.xsa
TRACE::2020-08-11.17:02:32::SCWPlatform::DSA directory C:/Users/xujia/Genesys/Vitis/Genesys_wrapper/hw
TRACE::2020-08-11.17:02:32::SCWPlatform:: Platform Path C:/Users/xujia/Genesys/Vitis/Genesys_wrapper/hw/Genesys_wrapper.xsa
TRACE::2020-08-11.17:02:32::SCWPlatform:: Unique name xilinx:genesys2::0.0
TRACE::2020-08-11.17:02:32::SCWPlatform::Trying to set the existing hwdb with name Genesys_wrapper_0
TRACE::2020-08-11.17:02:32::SCWPlatform::Opened existing hwdb Genesys_wrapper_0
TRACE::2020-08-11.17:02:32::SCWPlatform::Found the Hw Db part of the input DSA
TRACE::2020-08-11.17:02:32::SCWMssOS::Checking the sw design at  C:/Users/xujia/Genesys/Vitis/Genesys_wrapper/microblaze_0/standalone_domain/bsp/system.mss
TRACE::2020-08-11.17:02:32::SCWMssOS::DEBUG:  swdes dump  C:/Users/xujia/Genesys/Vitis/Genesys_wrapper/microblaze_0/standalone_domain/bsp/system.mss|system||

TRACE::2020-08-11.17:02:32::SCWMssOS::Sw design exists and opened at  C:/Users/xujia/Genesys/Vitis/Genesys_wrapper/microblaze_0/standalone_domain/bsp/system.mss
TRACE::2020-08-11.17:02:32::SCWPlatform::Trying to open the hw design at C:/Users/xujia/Genesys/Vitis/Genesys_wrapper/hw/Genesys_wrapper.xsa
TRACE::2020-08-11.17:02:32::SCWPlatform::DSA given C:/Users/xujia/Genesys/Vitis/Genesys_wrapper/hw/Genesys_wrapper.xsa
TRACE::2020-08-11.17:02:32::SCWPlatform::DSA absoulate path C:/Users/xujia/Genesys/Vitis/Genesys_wrapper/hw/Genesys_wrapper.xsa
TRACE::2020-08-11.17:02:32::SCWPlatform::DSA directory C:/Users/xujia/Genesys/Vitis/Genesys_wrapper/hw
TRACE::2020-08-11.17:02:32::SCWPlatform:: Platform Path C:/Users/xujia/Genesys/Vitis/Genesys_wrapper/hw/Genesys_wrapper.xsa
TRACE::2020-08-11.17:02:32::SCWPlatform:: Unique name xilinx:genesys2::0.0
TRACE::2020-08-11.17:02:32::SCWPlatform::Trying to set the existing hwdb with name Genesys_wrapper_0
TRACE::2020-08-11.17:02:32::SCWPlatform::Opened existing hwdb Genesys_wrapper_0
TRACE::2020-08-11.17:02:32::SCWPlatform::Found the Hw Db part of the input DSA
TRACE::2020-08-11.17:02:32::SCWMssOS::Checking the sw design at  C:/Users/xujia/Genesys/Vitis/Genesys_wrapper/microblaze_0/standalone_domain/bsp/system.mss
TRACE::2020-08-11.17:02:32::SCWMssOS::DEBUG:  swdes dump  C:/Users/xujia/Genesys/Vitis/Genesys_wrapper/microblaze_0/standalone_domain/bsp/system.mss|system||

TRACE::2020-08-11.17:02:32::SCWMssOS::Sw design exists and opened at  C:/Users/xujia/Genesys/Vitis/Genesys_wrapper/microblaze_0/standalone_domain/bsp/system.mss
TRACE::2020-08-11.17:02:32::SCWPlatform::Trying to open the hw design at C:/Users/xujia/Genesys/Vitis/Genesys_wrapper/hw/Genesys_wrapper.xsa
TRACE::2020-08-11.17:02:32::SCWPlatform::DSA given C:/Users/xujia/Genesys/Vitis/Genesys_wrapper/hw/Genesys_wrapper.xsa
TRACE::2020-08-11.17:02:32::SCWPlatform::DSA absoulate path C:/Users/xujia/Genesys/Vitis/Genesys_wrapper/hw/Genesys_wrapper.xsa
TRACE::2020-08-11.17:02:32::SCWPlatform::DSA directory C:/Users/xujia/Genesys/Vitis/Genesys_wrapper/hw
TRACE::2020-08-11.17:02:32::SCWPlatform:: Platform Path C:/Users/xujia/Genesys/Vitis/Genesys_wrapper/hw/Genesys_wrapper.xsa
TRACE::2020-08-11.17:02:32::SCWPlatform:: Unique name xilinx:genesys2::0.0
TRACE::2020-08-11.17:02:32::SCWPlatform::Trying to set the existing hwdb with name Genesys_wrapper_0
TRACE::2020-08-11.17:02:32::SCWPlatform::Opened existing hwdb Genesys_wrapper_0
TRACE::2020-08-11.17:02:32::SCWPlatform::Found the Hw Db part of the input DSA
TRACE::2020-08-11.17:02:32::SCWMssOS::Checking the sw design at  C:/Users/xujia/Genesys/Vitis/Genesys_wrapper/microblaze_0/standalone_domain/bsp/system.mss
TRACE::2020-08-11.17:02:32::SCWMssOS::DEBUG:  swdes dump  C:/Users/xujia/Genesys/Vitis/Genesys_wrapper/microblaze_0/standalone_domain/bsp/system.mss|system||

TRACE::2020-08-11.17:02:32::SCWMssOS::Sw design exists and opened at  C:/Users/xujia/Genesys/Vitis/Genesys_wrapper/microblaze_0/standalone_domain/bsp/system.mss
TRACE::2020-08-11.17:02:32::SCWWriter::formatted JSON is {
	"platformName":	"Genesys_wrapper",
	"sprVersion":	"2.0",
	"mode":	"gui",
	"dsaType":	"Fixed",
	"platformDesc":	"Genesys_wrapper",
	"platHandOff":	"C:/Users/xujia/Genesys/Bitstream_and_Hardware/Genesys_wrapper.xsa",
	"platIntHandOff":	"<platformDir>/hw/Genesys_wrapper.xsa",
	"deviceType":	"FPGA",
	"platIsPrebuiltAutogen":	"false",
	"platIsNoBootBsp":	"false",
	"hasFsblMakeHasChanges":	"false",
	"hasPmufwMakeHasChanges":	"false",
	"platPreBuiltFlag":	false,
	"platformSamplesDir":	"",
	"platActiveSys":	"Genesys_wrapper",
	"systems":	[{
			"systemName":	"Genesys_wrapper",
			"systemDesc":	"Genesys_wrapper",
			"sysIsBootAutoGen":	"true",
			"systemDispName":	"Genesys_wrapper",
			"sysActiveDom":	"standalone_domain",
			"sysDefaultDom":	"standalone_domain",
			"domains":	[{
					"domainName":	"standalone_domain",
					"domainDispName":	"standalone on microblaze_0",
					"domainDesc":	"standalone_domain",
					"processors":	"microblaze_0",
					"os":	"standalone",
					"sdxOs":	"standalone",
					"debugEnable":	"False",
					"domRuntimes":	["cpp"],
					"swRepo":	"",
					"mssOsVer":	"7.1",
					"mssFile":	"",
					"md5Digest":	"f145395311541f30253cebc51c0742cb",
					"compatibleApp":	"hello_world",
					"domType":	"mssDomain",
					"arch":	"32-bit",
					"appSettings":	{
						"appCompilerFlags":	"",
						"appLinkerFlags":	""
					},
					"addedLibs":	[],
					"libOptions":	{
						"libsContainingOptions":	[]
					},
					"prebuiltLibs":	{
						"prebuiltIncPath":	[],
						"prebuiltLibPath":	[]
					},
					"isolation":	{
					}
				}]
		}]
}
KEYINFO::2020-08-11.17:02:32::SCWPlatform::updated the xpfm file.
TRACE::2020-08-11.17:02:32::SCWPlatform::Trying to open the hw design at C:/Users/xujia/Genesys/Vitis/Genesys_wrapper/hw/Genesys_wrapper.xsa
TRACE::2020-08-11.17:02:32::SCWPlatform::DSA given C:/Users/xujia/Genesys/Vitis/Genesys_wrapper/hw/Genesys_wrapper.xsa
TRACE::2020-08-11.17:02:32::SCWPlatform::DSA absoulate path C:/Users/xujia/Genesys/Vitis/Genesys_wrapper/hw/Genesys_wrapper.xsa
TRACE::2020-08-11.17:02:32::SCWPlatform::DSA directory C:/Users/xujia/Genesys/Vitis/Genesys_wrapper/hw
TRACE::2020-08-11.17:02:32::SCWPlatform:: Platform Path C:/Users/xujia/Genesys/Vitis/Genesys_wrapper/hw/Genesys_wrapper.xsa
TRACE::2020-08-11.17:02:32::SCWPlatform:: Unique name xilinx:genesys2::0.0
TRACE::2020-08-11.17:02:32::SCWPlatform::Trying to set the existing hwdb with name Genesys_wrapper_0
TRACE::2020-08-11.17:02:32::SCWPlatform::Opened existing hwdb Genesys_wrapper_0
TRACE::2020-08-11.17:02:32::SCWPlatform::Found the Hw Db part of the input DSA
TRACE::2020-08-11.17:02:32::SCWMssOS::Checking the sw design at  C:/Users/xujia/Genesys/Vitis/Genesys_wrapper/microblaze_0/standalone_domain/bsp/system.mss
TRACE::2020-08-11.17:02:32::SCWMssOS::DEBUG:  swdes dump  C:/Users/xujia/Genesys/Vitis/Genesys_wrapper/microblaze_0/standalone_domain/bsp/system.mss|system||

TRACE::2020-08-11.17:02:32::SCWMssOS::Sw design exists and opened at  C:/Users/xujia/Genesys/Vitis/Genesys_wrapper/microblaze_0/standalone_domain/bsp/system.mss
