
*** Running vivado
    with args -log Genesys_wrapper.vds -m64 -product Vivado -mode batch -messageDb vivado.pb -notrace -source Genesys_wrapper.tcl


****** Vivado v2019.2 (64-bit)
  **** SW Build 2708876 on Wed Nov  6 21:40:23 MST 2019
  **** IP Build 2700528 on Thu Nov  7 00:09:20 MST 2019
    ** Copyright 1986-2019 Xilinx, Inc. All Rights Reserved.

source Genesys_wrapper.tcl -notrace
create_project: Time (s): cpu = 00:00:03 ; elapsed = 00:00:06 . Memory (MB): peak = 474.027 ; gain = 179.840
INFO: [IP_Flow 19-234] Refreshing IP repositories
INFO: [IP_Flow 19-1704] No user IP repositories specified
INFO: [IP_Flow 19-2313] Loaded Vivado IP repository 'C:/Xilinx/Vitis/Vivado/2019.2/data/ip'.
add_files: Time (s): cpu = 00:00:14 ; elapsed = 00:00:19 . Memory (MB): peak = 614.359 ; gain = 140.332
Command: synth_design -top Genesys_wrapper -part xc7k325tffg900-2
Starting synth_design
Attempting to get a license for feature 'Synthesis' and/or device 'xc7k325t'
INFO: [Common 17-349] Got license for feature 'Synthesis' and/or device 'xc7k325t'
INFO: [Common 17-1686] The version limit for your license is '2020.08' and will not allow you to run Xilinx software released after that date (year & month). A version limit expiration means that while you will be able to continue to use the current version of tools or IP with this license, you will not be able to use any updates or new releases.
INFO: [Device 21-403] Loading part xc7k325tffg900-2
INFO: Launching helper process for spawning children vivado processes
INFO: Helper process launched with PID 6080 
---------------------------------------------------------------------------------
Starting RTL Elaboration : Time (s): cpu = 00:00:04 ; elapsed = 00:00:05 . Memory (MB): peak = 1172.395 ; gain = 234.188
---------------------------------------------------------------------------------
INFO: [Synth 8-6157] synthesizing module 'Genesys_wrapper' [C:/Users/xujia/Genesys/Genesys.srcs/sources_1/bd/Genesys/hdl/Genesys_wrapper.v:12]
INFO: [Synth 8-6157] synthesizing module 'Genesys' [C:/Users/xujia/Genesys/Genesys.srcs/sources_1/bd/Genesys/synth/Genesys.v:13]
INFO: [Synth 8-6157] synthesizing module 'Genesys_axi_bram_ctrl_0_0' [C:/Users/xujia/Genesys/Genesys.runs/synth_1/.Xil/Vivado-13540-DESKTOP-N6DNGGG/realtime/Genesys_axi_bram_ctrl_0_0_stub.v:6]
INFO: [Synth 8-6155] done synthesizing module 'Genesys_axi_bram_ctrl_0_0' (1#1) [C:/Users/xujia/Genesys/Genesys.runs/synth_1/.Xil/Vivado-13540-DESKTOP-N6DNGGG/realtime/Genesys_axi_bram_ctrl_0_0_stub.v:6]
INFO: [Synth 8-6157] synthesizing module 'Genesys_axi_bram_ctrl_0_bram_0' [C:/Users/xujia/Genesys/Genesys.runs/synth_1/.Xil/Vivado-13540-DESKTOP-N6DNGGG/realtime/Genesys_axi_bram_ctrl_0_bram_0_stub.v:6]
INFO: [Synth 8-6155] done synthesizing module 'Genesys_axi_bram_ctrl_0_bram_0' (2#1) [C:/Users/xujia/Genesys/Genesys.runs/synth_1/.Xil/Vivado-13540-DESKTOP-N6DNGGG/realtime/Genesys_axi_bram_ctrl_0_bram_0_stub.v:6]
WARNING: [Synth 8-7023] instance 'axi_bram_ctrl_0_bram' of module 'Genesys_axi_bram_ctrl_0_bram_0' has 16 connections declared, but only 14 given [C:/Users/xujia/Genesys/Genesys.srcs/sources_1/bd/Genesys/synth/Genesys.v:415]
INFO: [Synth 8-6157] synthesizing module 'Genesys_axi_gpio_0_0' [C:/Users/xujia/Genesys/Genesys.runs/synth_1/.Xil/Vivado-13540-DESKTOP-N6DNGGG/realtime/Genesys_axi_gpio_0_0_stub.v:6]
INFO: [Synth 8-6155] done synthesizing module 'Genesys_axi_gpio_0_0' (3#1) [C:/Users/xujia/Genesys/Genesys.runs/synth_1/.Xil/Vivado-13540-DESKTOP-N6DNGGG/realtime/Genesys_axi_gpio_0_0_stub.v:6]
INFO: [Synth 8-6157] synthesizing module 'Genesys_axi_smc_0' [C:/Users/xujia/Genesys/Genesys.runs/synth_1/.Xil/Vivado-13540-DESKTOP-N6DNGGG/realtime/Genesys_axi_smc_0_stub.v:6]
INFO: [Synth 8-6155] done synthesizing module 'Genesys_axi_smc_0' (4#1) [C:/Users/xujia/Genesys/Genesys.runs/synth_1/.Xil/Vivado-13540-DESKTOP-N6DNGGG/realtime/Genesys_axi_smc_0_stub.v:6]
WARNING: [Synth 8-7023] instance 'axi_smc' of module 'Genesys_axi_smc_0' has 150 connections declared, but only 148 given [C:/Users/xujia/Genesys/Genesys.srcs/sources_1/bd/Genesys/synth/Genesys.v:451]
INFO: [Synth 8-6157] synthesizing module 'Genesys_axi_uartlite_0_0' [C:/Users/xujia/Genesys/Genesys.runs/synth_1/.Xil/Vivado-13540-DESKTOP-N6DNGGG/realtime/Genesys_axi_uartlite_0_0_stub.v:6]
INFO: [Synth 8-6155] done synthesizing module 'Genesys_axi_uartlite_0_0' (5#1) [C:/Users/xujia/Genesys/Genesys.runs/synth_1/.Xil/Vivado-13540-DESKTOP-N6DNGGG/realtime/Genesys_axi_uartlite_0_0_stub.v:6]
WARNING: [Synth 8-7023] instance 'axi_uartlite_0' of module 'Genesys_axi_uartlite_0_0' has 22 connections declared, but only 21 given [C:/Users/xujia/Genesys/Genesys.srcs/sources_1/bd/Genesys/synth/Genesys.v:600]
INFO: [Synth 8-6157] synthesizing module 'Genesys_mdm_1_0' [C:/Users/xujia/Genesys/Genesys.runs/synth_1/.Xil/Vivado-13540-DESKTOP-N6DNGGG/realtime/Genesys_mdm_1_0_stub.v:6]
INFO: [Synth 8-6155] done synthesizing module 'Genesys_mdm_1_0' (6#1) [C:/Users/xujia/Genesys/Genesys.runs/synth_1/.Xil/Vivado-13540-DESKTOP-N6DNGGG/realtime/Genesys_mdm_1_0_stub.v:6]
WARNING: [Synth 8-7023] instance 'mdm_1' of module 'Genesys_mdm_1_0' has 68 connections declared, but only 66 given [C:/Users/xujia/Genesys/Genesys.srcs/sources_1/bd/Genesys/synth/Genesys.v:622]
INFO: [Synth 8-6157] synthesizing module 'Genesys_microblaze_0_0' [C:/Users/xujia/Genesys/Genesys.runs/synth_1/.Xil/Vivado-13540-DESKTOP-N6DNGGG/realtime/Genesys_microblaze_0_0_stub.v:6]
INFO: [Synth 8-6155] done synthesizing module 'Genesys_microblaze_0_0' (7#1) [C:/Users/xujia/Genesys/Genesys.runs/synth_1/.Xil/Vivado-13540-DESKTOP-N6DNGGG/realtime/Genesys_microblaze_0_0_stub.v:6]
WARNING: [Synth 8-7023] instance 'microblaze_0' of module 'Genesys_microblaze_0_0' has 130 connections declared, but only 111 given [C:/Users/xujia/Genesys/Genesys.srcs/sources_1/bd/Genesys/synth/Genesys.v:691]
INFO: [Synth 8-6157] synthesizing module 'Genesys_microblaze_0_axi_periph_0' [C:/Users/xujia/Genesys/Genesys.srcs/sources_1/bd/Genesys/synth/Genesys.v:1017]
INFO: [Synth 8-6157] synthesizing module 'm00_couplers_imp_KQ8SYF' [C:/Users/xujia/Genesys/Genesys.srcs/sources_1/bd/Genesys/synth/Genesys.v:1467]
INFO: [Synth 8-6155] done synthesizing module 'm00_couplers_imp_KQ8SYF' (8#1) [C:/Users/xujia/Genesys/Genesys.srcs/sources_1/bd/Genesys/synth/Genesys.v:1467]
INFO: [Synth 8-6157] synthesizing module 'm01_couplers_imp_1KWGD04' [C:/Users/xujia/Genesys/Genesys.srcs/sources_1/bd/Genesys/synth/Genesys.v:1599]
INFO: [Synth 8-6155] done synthesizing module 'm01_couplers_imp_1KWGD04' (9#1) [C:/Users/xujia/Genesys/Genesys.srcs/sources_1/bd/Genesys/synth/Genesys.v:1599]
INFO: [Synth 8-6157] synthesizing module 's00_couplers_imp_1L12Z2J' [C:/Users/xujia/Genesys/Genesys.srcs/sources_1/bd/Genesys/synth/Genesys.v:2056]
INFO: [Synth 8-6155] done synthesizing module 's00_couplers_imp_1L12Z2J' (10#1) [C:/Users/xujia/Genesys/Genesys.srcs/sources_1/bd/Genesys/synth/Genesys.v:2056]
INFO: [Synth 8-6157] synthesizing module 'Genesys_xbar_0' [C:/Users/xujia/Genesys/Genesys.runs/synth_1/.Xil/Vivado-13540-DESKTOP-N6DNGGG/realtime/Genesys_xbar_0_stub.v:6]
INFO: [Synth 8-6155] done synthesizing module 'Genesys_xbar_0' (11#1) [C:/Users/xujia/Genesys/Genesys.runs/synth_1/.Xil/Vivado-13540-DESKTOP-N6DNGGG/realtime/Genesys_xbar_0_stub.v:6]
WARNING: [Synth 8-7023] instance 'xbar' of module 'Genesys_xbar_0' has 40 connections declared, but only 38 given [C:/Users/xujia/Genesys/Genesys.srcs/sources_1/bd/Genesys/synth/Genesys.v:1426]
INFO: [Synth 8-6155] done synthesizing module 'Genesys_microblaze_0_axi_periph_0' (12#1) [C:/Users/xujia/Genesys/Genesys.srcs/sources_1/bd/Genesys/synth/Genesys.v:1017]
INFO: [Synth 8-6157] synthesizing module 'microblaze_0_local_memory_imp_1SUJIGN' [C:/Users/xujia/Genesys/Genesys.srcs/sources_1/bd/Genesys/synth/Genesys.v:1731]
INFO: [Synth 8-6157] synthesizing module 'Genesys_dlmb_bram_if_cntlr_0' [C:/Users/xujia/Genesys/Genesys.runs/synth_1/.Xil/Vivado-13540-DESKTOP-N6DNGGG/realtime/Genesys_dlmb_bram_if_cntlr_0_stub.v:6]
INFO: [Synth 8-6155] done synthesizing module 'Genesys_dlmb_bram_if_cntlr_0' (13#1) [C:/Users/xujia/Genesys/Genesys.runs/synth_1/.Xil/Vivado-13540-DESKTOP-N6DNGGG/realtime/Genesys_dlmb_bram_if_cntlr_0_stub.v:6]
INFO: [Synth 8-6157] synthesizing module 'Genesys_dlmb_v10_0' [C:/Users/xujia/Genesys/Genesys.runs/synth_1/.Xil/Vivado-13540-DESKTOP-N6DNGGG/realtime/Genesys_dlmb_v10_0_stub.v:6]
INFO: [Synth 8-6155] done synthesizing module 'Genesys_dlmb_v10_0' (14#1) [C:/Users/xujia/Genesys/Genesys.runs/synth_1/.Xil/Vivado-13540-DESKTOP-N6DNGGG/realtime/Genesys_dlmb_v10_0_stub.v:6]
WARNING: [Synth 8-7023] instance 'dlmb_v10' of module 'Genesys_dlmb_v10_0' has 25 connections declared, but only 24 given [C:/Users/xujia/Genesys/Genesys.srcs/sources_1/bd/Genesys/synth/Genesys.v:1943]
INFO: [Synth 8-6157] synthesizing module 'Genesys_ilmb_bram_if_cntlr_0' [C:/Users/xujia/Genesys/Genesys.runs/synth_1/.Xil/Vivado-13540-DESKTOP-N6DNGGG/realtime/Genesys_ilmb_bram_if_cntlr_0_stub.v:6]
INFO: [Synth 8-6155] done synthesizing module 'Genesys_ilmb_bram_if_cntlr_0' (15#1) [C:/Users/xujia/Genesys/Genesys.runs/synth_1/.Xil/Vivado-13540-DESKTOP-N6DNGGG/realtime/Genesys_ilmb_bram_if_cntlr_0_stub.v:6]
INFO: [Synth 8-6157] synthesizing module 'Genesys_ilmb_v10_0' [C:/Users/xujia/Genesys/Genesys.runs/synth_1/.Xil/Vivado-13540-DESKTOP-N6DNGGG/realtime/Genesys_ilmb_v10_0_stub.v:6]
INFO: [Synth 8-6155] done synthesizing module 'Genesys_ilmb_v10_0' (16#1) [C:/Users/xujia/Genesys/Genesys.runs/synth_1/.Xil/Vivado-13540-DESKTOP-N6DNGGG/realtime/Genesys_ilmb_v10_0_stub.v:6]
WARNING: [Synth 8-7023] instance 'ilmb_v10' of module 'Genesys_ilmb_v10_0' has 25 connections declared, but only 24 given [C:/Users/xujia/Genesys/Genesys.srcs/sources_1/bd/Genesys/synth/Genesys.v:1989]
INFO: [Synth 8-6157] synthesizing module 'Genesys_lmb_bram_0' [C:/Users/xujia/Genesys/Genesys.runs/synth_1/.Xil/Vivado-13540-DESKTOP-N6DNGGG/realtime/Genesys_lmb_bram_0_stub.v:6]
INFO: [Synth 8-6155] done synthesizing module 'Genesys_lmb_bram_0' (17#1) [C:/Users/xujia/Genesys/Genesys.runs/synth_1/.Xil/Vivado-13540-DESKTOP-N6DNGGG/realtime/Genesys_lmb_bram_0_stub.v:6]
WARNING: [Synth 8-7023] instance 'lmb_bram' of module 'Genesys_lmb_bram_0' has 16 connections declared, but only 14 given [C:/Users/xujia/Genesys/Genesys.srcs/sources_1/bd/Genesys/synth/Genesys.v:2014]
INFO: [Synth 8-6157] synthesizing module 'Genesys_lmb_v10_0' [C:/Users/xujia/Genesys/Genesys.runs/synth_1/.Xil/Vivado-13540-DESKTOP-N6DNGGG/realtime/Genesys_lmb_v10_0_stub.v:6]
INFO: [Synth 8-6155] done synthesizing module 'Genesys_lmb_v10_0' (18#1) [C:/Users/xujia/Genesys/Genesys.runs/synth_1/.Xil/Vivado-13540-DESKTOP-N6DNGGG/realtime/Genesys_lmb_v10_0_stub.v:6]
WARNING: [Synth 8-7023] instance 'lmb_v10' of module 'Genesys_lmb_v10_0' has 25 connections declared, but only 24 given [C:/Users/xujia/Genesys/Genesys.srcs/sources_1/bd/Genesys/synth/Genesys.v:2029]
INFO: [Synth 8-6155] done synthesizing module 'microblaze_0_local_memory_imp_1SUJIGN' (19#1) [C:/Users/xujia/Genesys/Genesys.srcs/sources_1/bd/Genesys/synth/Genesys.v:1731]
INFO: [Synth 8-6157] synthesizing module 'Genesys_mig_7series_0_0' [C:/Users/xujia/Genesys/Genesys.runs/synth_1/.Xil/Vivado-13540-DESKTOP-N6DNGGG/realtime/Genesys_mig_7series_0_0_stub.v:5]
INFO: [Synth 8-6155] done synthesizing module 'Genesys_mig_7series_0_0' (20#1) [C:/Users/xujia/Genesys/Genesys.runs/synth_1/.Xil/Vivado-13540-DESKTOP-N6DNGGG/realtime/Genesys_mig_7series_0_0_stub.v:5]
WARNING: [Synth 8-7023] instance 'mig_7series_0' of module 'Genesys_mig_7series_0_0' has 69 connections declared, but only 58 given [C:/Users/xujia/Genesys/Genesys.srcs/sources_1/bd/Genesys/synth/Genesys.v:898]
INFO: [Synth 8-6157] synthesizing module 'Genesys_rst_mig_7series_0_100M_0' [C:/Users/xujia/Genesys/Genesys.runs/synth_1/.Xil/Vivado-13540-DESKTOP-N6DNGGG/realtime/Genesys_rst_mig_7series_0_100M_0_stub.v:6]
INFO: [Synth 8-6155] done synthesizing module 'Genesys_rst_mig_7series_0_100M_0' (21#1) [C:/Users/xujia/Genesys/Genesys.runs/synth_1/.Xil/Vivado-13540-DESKTOP-N6DNGGG/realtime/Genesys_rst_mig_7series_0_100M_0_stub.v:6]
WARNING: [Synth 8-7023] instance 'rst_mig_7series_0_100M' of module 'Genesys_rst_mig_7series_0_100M_0' has 10 connections declared, but only 8 given [C:/Users/xujia/Genesys/Genesys.srcs/sources_1/bd/Genesys/synth/Genesys.v:957]
INFO: [Synth 8-6157] synthesizing module 'Genesys_rst_mig_7series_0_225M_0' [C:/Users/xujia/Genesys/Genesys.runs/synth_1/.Xil/Vivado-13540-DESKTOP-N6DNGGG/realtime/Genesys_rst_mig_7series_0_225M_0_stub.v:6]
INFO: [Synth 8-6155] done synthesizing module 'Genesys_rst_mig_7series_0_225M_0' (22#1) [C:/Users/xujia/Genesys/Genesys.runs/synth_1/.Xil/Vivado-13540-DESKTOP-N6DNGGG/realtime/Genesys_rst_mig_7series_0_225M_0_stub.v:6]
WARNING: [Synth 8-7023] instance 'rst_mig_7series_0_225M' of module 'Genesys_rst_mig_7series_0_225M_0' has 10 connections declared, but only 6 given [C:/Users/xujia/Genesys/Genesys.srcs/sources_1/bd/Genesys/synth/Genesys.v:966]
INFO: [Synth 8-6157] synthesizing module 'Genesys_system_ila_0' [C:/Users/xujia/Genesys/Genesys.runs/synth_1/.Xil/Vivado-13540-DESKTOP-N6DNGGG/realtime/Genesys_system_ila_0_stub.v:6]
INFO: [Synth 8-6155] done synthesizing module 'Genesys_system_ila_0' (23#1) [C:/Users/xujia/Genesys/Genesys.runs/synth_1/.Xil/Vivado-13540-DESKTOP-N6DNGGG/realtime/Genesys_system_ila_0_stub.v:6]
INFO: [Synth 8-6155] done synthesizing module 'Genesys' (24#1) [C:/Users/xujia/Genesys/Genesys.srcs/sources_1/bd/Genesys/synth/Genesys.v:13]
INFO: [Synth 8-6155] done synthesizing module 'Genesys_wrapper' (25#1) [C:/Users/xujia/Genesys/Genesys.srcs/sources_1/bd/Genesys/hdl/Genesys_wrapper.v:12]
WARNING: [Synth 8-3331] design s00_couplers_imp_1L12Z2J has unconnected port M_ACLK
WARNING: [Synth 8-3331] design s00_couplers_imp_1L12Z2J has unconnected port M_ARESETN
WARNING: [Synth 8-3331] design s00_couplers_imp_1L12Z2J has unconnected port S_ACLK
WARNING: [Synth 8-3331] design s00_couplers_imp_1L12Z2J has unconnected port S_ARESETN
WARNING: [Synth 8-3331] design m01_couplers_imp_1KWGD04 has unconnected port M_ACLK
WARNING: [Synth 8-3331] design m01_couplers_imp_1KWGD04 has unconnected port M_ARESETN
WARNING: [Synth 8-3331] design m01_couplers_imp_1KWGD04 has unconnected port S_ACLK
WARNING: [Synth 8-3331] design m01_couplers_imp_1KWGD04 has unconnected port S_ARESETN
WARNING: [Synth 8-3331] design m00_couplers_imp_KQ8SYF has unconnected port M_ACLK
WARNING: [Synth 8-3331] design m00_couplers_imp_KQ8SYF has unconnected port M_ARESETN
WARNING: [Synth 8-3331] design m00_couplers_imp_KQ8SYF has unconnected port S_ACLK
WARNING: [Synth 8-3331] design m00_couplers_imp_KQ8SYF has unconnected port S_ARESETN
WARNING: [Synth 8-3331] design Genesys_microblaze_0_axi_periph_0 has unconnected port M00_ACLK
WARNING: [Synth 8-3331] design Genesys_microblaze_0_axi_periph_0 has unconnected port M00_ARESETN
WARNING: [Synth 8-3331] design Genesys_microblaze_0_axi_periph_0 has unconnected port M01_ACLK
WARNING: [Synth 8-3331] design Genesys_microblaze_0_axi_periph_0 has unconnected port M01_ARESETN
WARNING: [Synth 8-3331] design Genesys_microblaze_0_axi_periph_0 has unconnected port S00_ACLK
WARNING: [Synth 8-3331] design Genesys_microblaze_0_axi_periph_0 has unconnected port S00_ARESETN
---------------------------------------------------------------------------------
Finished RTL Elaboration : Time (s): cpu = 00:00:06 ; elapsed = 00:00:07 . Memory (MB): peak = 1252.035 ; gain = 313.828
---------------------------------------------------------------------------------

Report Check Netlist: 
+------+------------------+-------+---------+-------+------------------+
|      |Item              |Errors |Warnings |Status |Description       |
+------+------------------+-------+---------+-------+------------------+
|1     |multi_driven_nets |      0|        0|Passed |Multi driven nets |
+------+------------------+-------+---------+-------+------------------+
---------------------------------------------------------------------------------
Start Handling Custom Attributes
---------------------------------------------------------------------------------
---------------------------------------------------------------------------------
Finished Handling Custom Attributes : Time (s): cpu = 00:00:07 ; elapsed = 00:00:07 . Memory (MB): peak = 1252.035 ; gain = 313.828
---------------------------------------------------------------------------------
---------------------------------------------------------------------------------
Finished RTL Optimization Phase 1 : Time (s): cpu = 00:00:07 ; elapsed = 00:00:07 . Memory (MB): peak = 1252.035 ; gain = 313.828
---------------------------------------------------------------------------------
Netlist sorting complete. Time (s): cpu = 00:00:00 ; elapsed = 00:00:00.051 . Memory (MB): peak = 1252.035 ; gain = 0.000
INFO: [Project 1-570] Preparing netlist for logic optimization

Processing XDC Constraints
Initializing timing engine
Parsing XDC File [c:/Users/xujia/Genesys/Genesys.srcs/sources_1/bd/Genesys/ip/Genesys_mig_7series_0_0/Genesys_mig_7series_0_0/Genesys_mig_7series_0_0_in_context.xdc] for cell 'Genesys_i/mig_7series_0'
Finished Parsing XDC File [c:/Users/xujia/Genesys/Genesys.srcs/sources_1/bd/Genesys/ip/Genesys_mig_7series_0_0/Genesys_mig_7series_0_0/Genesys_mig_7series_0_0_in_context.xdc] for cell 'Genesys_i/mig_7series_0'
Parsing XDC File [c:/Users/xujia/Genesys/Genesys.srcs/sources_1/bd/Genesys/ip/Genesys_microblaze_0_0/Genesys_microblaze_0_0/Genesys_microblaze_0_0_in_context.xdc] for cell 'Genesys_i/microblaze_0'
Finished Parsing XDC File [c:/Users/xujia/Genesys/Genesys.srcs/sources_1/bd/Genesys/ip/Genesys_microblaze_0_0/Genesys_microblaze_0_0/Genesys_microblaze_0_0_in_context.xdc] for cell 'Genesys_i/microblaze_0'
Parsing XDC File [c:/Users/xujia/Genesys/Genesys.srcs/sources_1/bd/Genesys/ip/Genesys_axi_uartlite_0_0/Genesys_axi_uartlite_0_0/Genesys_axi_uartlite_0_0_in_context.xdc] for cell 'Genesys_i/axi_uartlite_0'
Finished Parsing XDC File [c:/Users/xujia/Genesys/Genesys.srcs/sources_1/bd/Genesys/ip/Genesys_axi_uartlite_0_0/Genesys_axi_uartlite_0_0/Genesys_axi_uartlite_0_0_in_context.xdc] for cell 'Genesys_i/axi_uartlite_0'
Parsing XDC File [c:/Users/xujia/Genesys/Genesys.srcs/sources_1/bd/Genesys/ip/Genesys_axi_gpio_0_0/Genesys_axi_gpio_0_0/Genesys_axi_gpio_0_0_in_context.xdc] for cell 'Genesys_i/axi_gpio_0'
Finished Parsing XDC File [c:/Users/xujia/Genesys/Genesys.srcs/sources_1/bd/Genesys/ip/Genesys_axi_gpio_0_0/Genesys_axi_gpio_0_0/Genesys_axi_gpio_0_0_in_context.xdc] for cell 'Genesys_i/axi_gpio_0'
Parsing XDC File [c:/Users/xujia/Genesys/Genesys.srcs/sources_1/bd/Genesys/ip/Genesys_axi_bram_ctrl_0_0/Genesys_axi_bram_ctrl_0_0/Genesys_axi_bram_ctrl_0_0_in_context.xdc] for cell 'Genesys_i/axi_bram_ctrl_0'
Finished Parsing XDC File [c:/Users/xujia/Genesys/Genesys.srcs/sources_1/bd/Genesys/ip/Genesys_axi_bram_ctrl_0_0/Genesys_axi_bram_ctrl_0_0/Genesys_axi_bram_ctrl_0_0_in_context.xdc] for cell 'Genesys_i/axi_bram_ctrl_0'
Parsing XDC File [c:/Users/xujia/Genesys/Genesys.srcs/sources_1/bd/Genesys/ip/Genesys_dlmb_v10_0/Genesys_dlmb_v10_0/Genesys_dlmb_v10_0_in_context.xdc] for cell 'Genesys_i/microblaze_0_local_memory/dlmb_v10'
Finished Parsing XDC File [c:/Users/xujia/Genesys/Genesys.srcs/sources_1/bd/Genesys/ip/Genesys_dlmb_v10_0/Genesys_dlmb_v10_0/Genesys_dlmb_v10_0_in_context.xdc] for cell 'Genesys_i/microblaze_0_local_memory/dlmb_v10'
Parsing XDC File [c:/Users/xujia/Genesys/Genesys.srcs/sources_1/bd/Genesys/ip/Genesys_ilmb_v10_0/Genesys_ilmb_v10_0/Genesys_dlmb_v10_0_in_context.xdc] for cell 'Genesys_i/microblaze_0_local_memory/ilmb_v10'
Finished Parsing XDC File [c:/Users/xujia/Genesys/Genesys.srcs/sources_1/bd/Genesys/ip/Genesys_ilmb_v10_0/Genesys_ilmb_v10_0/Genesys_dlmb_v10_0_in_context.xdc] for cell 'Genesys_i/microblaze_0_local_memory/ilmb_v10'
Parsing XDC File [c:/Users/xujia/Genesys/Genesys.srcs/sources_1/bd/Genesys/ip/Genesys_dlmb_bram_if_cntlr_0/Genesys_dlmb_bram_if_cntlr_0/Genesys_dlmb_bram_if_cntlr_0_in_context.xdc] for cell 'Genesys_i/microblaze_0_local_memory/dlmb_bram_if_cntlr'
Finished Parsing XDC File [c:/Users/xujia/Genesys/Genesys.srcs/sources_1/bd/Genesys/ip/Genesys_dlmb_bram_if_cntlr_0/Genesys_dlmb_bram_if_cntlr_0/Genesys_dlmb_bram_if_cntlr_0_in_context.xdc] for cell 'Genesys_i/microblaze_0_local_memory/dlmb_bram_if_cntlr'
Parsing XDC File [c:/Users/xujia/Genesys/Genesys.srcs/sources_1/bd/Genesys/ip/Genesys_ilmb_bram_if_cntlr_0/Genesys_ilmb_bram_if_cntlr_0/Genesys_ilmb_bram_if_cntlr_0_in_context.xdc] for cell 'Genesys_i/microblaze_0_local_memory/ilmb_bram_if_cntlr'
Finished Parsing XDC File [c:/Users/xujia/Genesys/Genesys.srcs/sources_1/bd/Genesys/ip/Genesys_ilmb_bram_if_cntlr_0/Genesys_ilmb_bram_if_cntlr_0/Genesys_ilmb_bram_if_cntlr_0_in_context.xdc] for cell 'Genesys_i/microblaze_0_local_memory/ilmb_bram_if_cntlr'
Parsing XDC File [c:/Users/xujia/Genesys/Genesys.srcs/sources_1/bd/Genesys/ip/Genesys_lmb_bram_0/Genesys_lmb_bram_0/Genesys_lmb_bram_0_in_context.xdc] for cell 'Genesys_i/microblaze_0_local_memory/lmb_bram'
Finished Parsing XDC File [c:/Users/xujia/Genesys/Genesys.srcs/sources_1/bd/Genesys/ip/Genesys_lmb_bram_0/Genesys_lmb_bram_0/Genesys_lmb_bram_0_in_context.xdc] for cell 'Genesys_i/microblaze_0_local_memory/lmb_bram'
Parsing XDC File [c:/Users/xujia/Genesys/Genesys.srcs/sources_1/bd/Genesys/ip/Genesys_lmb_v10_0/Genesys_lmb_v10_0/Genesys_dlmb_v10_0_in_context.xdc] for cell 'Genesys_i/microblaze_0_local_memory/lmb_v10'
Finished Parsing XDC File [c:/Users/xujia/Genesys/Genesys.srcs/sources_1/bd/Genesys/ip/Genesys_lmb_v10_0/Genesys_lmb_v10_0/Genesys_dlmb_v10_0_in_context.xdc] for cell 'Genesys_i/microblaze_0_local_memory/lmb_v10'
Parsing XDC File [c:/Users/xujia/Genesys/Genesys.srcs/sources_1/bd/Genesys/ip/Genesys_mdm_1_0/Genesys_mdm_1_0/Genesys_mdm_1_0_in_context.xdc] for cell 'Genesys_i/mdm_1'
Finished Parsing XDC File [c:/Users/xujia/Genesys/Genesys.srcs/sources_1/bd/Genesys/ip/Genesys_mdm_1_0/Genesys_mdm_1_0/Genesys_mdm_1_0_in_context.xdc] for cell 'Genesys_i/mdm_1'
Parsing XDC File [c:/Users/xujia/Genesys/Genesys.srcs/sources_1/bd/Genesys/ip/Genesys_rst_mig_7series_0_100M_0/Genesys_rst_mig_7series_0_100M_0/Genesys_rst_mig_7series_0_100M_0_in_context.xdc] for cell 'Genesys_i/rst_mig_7series_0_100M'
Finished Parsing XDC File [c:/Users/xujia/Genesys/Genesys.srcs/sources_1/bd/Genesys/ip/Genesys_rst_mig_7series_0_100M_0/Genesys_rst_mig_7series_0_100M_0/Genesys_rst_mig_7series_0_100M_0_in_context.xdc] for cell 'Genesys_i/rst_mig_7series_0_100M'
Parsing XDC File [c:/Users/xujia/Genesys/Genesys.srcs/sources_1/bd/Genesys/ip/Genesys_axi_bram_ctrl_0_bram_0/Genesys_axi_bram_ctrl_0_bram_0/Genesys_axi_bram_ctrl_0_bram_0_in_context.xdc] for cell 'Genesys_i/axi_bram_ctrl_0_bram'
Finished Parsing XDC File [c:/Users/xujia/Genesys/Genesys.srcs/sources_1/bd/Genesys/ip/Genesys_axi_bram_ctrl_0_bram_0/Genesys_axi_bram_ctrl_0_bram_0/Genesys_axi_bram_ctrl_0_bram_0_in_context.xdc] for cell 'Genesys_i/axi_bram_ctrl_0_bram'
Parsing XDC File [c:/Users/xujia/Genesys/Genesys.srcs/sources_1/bd/Genesys/ip/Genesys_axi_smc_0/Genesys_axi_smc_0/Genesys_axi_smc_0_in_context.xdc] for cell 'Genesys_i/axi_smc'
Finished Parsing XDC File [c:/Users/xujia/Genesys/Genesys.srcs/sources_1/bd/Genesys/ip/Genesys_axi_smc_0/Genesys_axi_smc_0/Genesys_axi_smc_0_in_context.xdc] for cell 'Genesys_i/axi_smc'
Parsing XDC File [c:/Users/xujia/Genesys/Genesys.srcs/sources_1/bd/Genesys/ip/Genesys_xbar_0/Genesys_xbar_0/Genesys_xbar_0_in_context.xdc] for cell 'Genesys_i/microblaze_0_axi_periph/xbar'
Finished Parsing XDC File [c:/Users/xujia/Genesys/Genesys.srcs/sources_1/bd/Genesys/ip/Genesys_xbar_0/Genesys_xbar_0/Genesys_xbar_0_in_context.xdc] for cell 'Genesys_i/microblaze_0_axi_periph/xbar'
Parsing XDC File [c:/Users/xujia/Genesys/Genesys.srcs/sources_1/bd/Genesys/ip/Genesys_system_ila_0/Genesys_system_ila_0/Genesys_system_ila_0_in_context.xdc] for cell 'Genesys_i/system_ila'
Finished Parsing XDC File [c:/Users/xujia/Genesys/Genesys.srcs/sources_1/bd/Genesys/ip/Genesys_system_ila_0/Genesys_system_ila_0/Genesys_system_ila_0_in_context.xdc] for cell 'Genesys_i/system_ila'
Parsing XDC File [c:/Users/xujia/Genesys/Genesys.srcs/sources_1/bd/Genesys/ip/Genesys_rst_mig_7series_0_225M_0/Genesys_rst_mig_7series_0_225M_0/Genesys_rst_mig_7series_0_225M_0_in_context.xdc] for cell 'Genesys_i/rst_mig_7series_0_225M'
Finished Parsing XDC File [c:/Users/xujia/Genesys/Genesys.srcs/sources_1/bd/Genesys/ip/Genesys_rst_mig_7series_0_225M_0/Genesys_rst_mig_7series_0_225M_0/Genesys_rst_mig_7series_0_225M_0_in_context.xdc] for cell 'Genesys_i/rst_mig_7series_0_225M'
Parsing XDC File [C:/Users/xujia/Genesys/Genesys.runs/synth_1/dont_touch.xdc]
Finished Parsing XDC File [C:/Users/xujia/Genesys/Genesys.runs/synth_1/dont_touch.xdc]
Completed Processing XDC Constraints

Netlist sorting complete. Time (s): cpu = 00:00:00 ; elapsed = 00:00:00 . Memory (MB): peak = 1324.680 ; gain = 0.000
INFO: [Project 1-111] Unisim Transformation Summary:
No Unisim elements were transformed.

Constraint Validation Runtime : Time (s): cpu = 00:00:00 ; elapsed = 00:00:00.076 . Memory (MB): peak = 1324.680 ; gain = 0.000
WARNING: [Timing 38-316] Clock period '20.000' specified during out-of-context synthesis of instance 'Genesys_i/axi_bram_ctrl_0_bram' at clock pin 'clka' is different from the actual clock period '10.000', this can lead to different synthesis results.
WARNING: [Timing 38-316] Clock period '20.000' specified during out-of-context synthesis of instance 'Genesys_i/microblaze_0_local_memory/lmb_bram' at clock pin 'clka' is different from the actual clock period '10.000', this can lead to different synthesis results.
---------------------------------------------------------------------------------
Finished Constraint Validation : Time (s): cpu = 00:00:14 ; elapsed = 00:00:15 . Memory (MB): peak = 1336.105 ; gain = 397.898
---------------------------------------------------------------------------------
---------------------------------------------------------------------------------
Start Loading Part and Timing Information
---------------------------------------------------------------------------------
Loading part: xc7k325tffg900-2
---------------------------------------------------------------------------------
Finished Loading Part and Timing Information : Time (s): cpu = 00:00:14 ; elapsed = 00:00:15 . Memory (MB): peak = 1336.105 ; gain = 397.898
---------------------------------------------------------------------------------
---------------------------------------------------------------------------------
Start Applying 'set_property' XDC Constraints
---------------------------------------------------------------------------------
Applied set_property IO_BUFFER_TYPE = NONE for ddr3_sdram_addr[0]. (constraint file  c:/Users/xujia/Genesys/Genesys.srcs/sources_1/bd/Genesys/ip/Genesys_mig_7series_0_0/Genesys_mig_7series_0_0/Genesys_mig_7series_0_0_in_context.xdc, line 8).
Applied set_property CLOCK_BUFFER_TYPE = NONE for ddr3_sdram_addr[0]. (constraint file  c:/Users/xujia/Genesys/Genesys.srcs/sources_1/bd/Genesys/ip/Genesys_mig_7series_0_0/Genesys_mig_7series_0_0/Genesys_mig_7series_0_0_in_context.xdc, line 9).
Applied set_property IO_BUFFER_TYPE = NONE for ddr3_sdram_addr[10]. (constraint file  c:/Users/xujia/Genesys/Genesys.srcs/sources_1/bd/Genesys/ip/Genesys_mig_7series_0_0/Genesys_mig_7series_0_0/Genesys_mig_7series_0_0_in_context.xdc, line 10).
Applied set_property CLOCK_BUFFER_TYPE = NONE for ddr3_sdram_addr[10]. (constraint file  c:/Users/xujia/Genesys/Genesys.srcs/sources_1/bd/Genesys/ip/Genesys_mig_7series_0_0/Genesys_mig_7series_0_0/Genesys_mig_7series_0_0_in_context.xdc, line 11).
Applied set_property IO_BUFFER_TYPE = NONE for ddr3_sdram_addr[11]. (constraint file  c:/Users/xujia/Genesys/Genesys.srcs/sources_1/bd/Genesys/ip/Genesys_mig_7series_0_0/Genesys_mig_7series_0_0/Genesys_mig_7series_0_0_in_context.xdc, line 12).
Applied set_property CLOCK_BUFFER_TYPE = NONE for ddr3_sdram_addr[11]. (constraint file  c:/Users/xujia/Genesys/Genesys.srcs/sources_1/bd/Genesys/ip/Genesys_mig_7series_0_0/Genesys_mig_7series_0_0/Genesys_mig_7series_0_0_in_context.xdc, line 13).
Applied set_property IO_BUFFER_TYPE = NONE for ddr3_sdram_addr[12]. (constraint file  c:/Users/xujia/Genesys/Genesys.srcs/sources_1/bd/Genesys/ip/Genesys_mig_7series_0_0/Genesys_mig_7series_0_0/Genesys_mig_7series_0_0_in_context.xdc, line 14).
Applied set_property CLOCK_BUFFER_TYPE = NONE for ddr3_sdram_addr[12]. (constraint file  c:/Users/xujia/Genesys/Genesys.srcs/sources_1/bd/Genesys/ip/Genesys_mig_7series_0_0/Genesys_mig_7series_0_0/Genesys_mig_7series_0_0_in_context.xdc, line 15).
Applied set_property IO_BUFFER_TYPE = NONE for ddr3_sdram_addr[13]. (constraint file  c:/Users/xujia/Genesys/Genesys.srcs/sources_1/bd/Genesys/ip/Genesys_mig_7series_0_0/Genesys_mig_7series_0_0/Genesys_mig_7series_0_0_in_context.xdc, line 16).
Applied set_property CLOCK_BUFFER_TYPE = NONE for ddr3_sdram_addr[13]. (constraint file  c:/Users/xujia/Genesys/Genesys.srcs/sources_1/bd/Genesys/ip/Genesys_mig_7series_0_0/Genesys_mig_7series_0_0/Genesys_mig_7series_0_0_in_context.xdc, line 17).
Applied set_property IO_BUFFER_TYPE = NONE for ddr3_sdram_addr[14]. (constraint file  c:/Users/xujia/Genesys/Genesys.srcs/sources_1/bd/Genesys/ip/Genesys_mig_7series_0_0/Genesys_mig_7series_0_0/Genesys_mig_7series_0_0_in_context.xdc, line 18).
Applied set_property CLOCK_BUFFER_TYPE = NONE for ddr3_sdram_addr[14]. (constraint file  c:/Users/xujia/Genesys/Genesys.srcs/sources_1/bd/Genesys/ip/Genesys_mig_7series_0_0/Genesys_mig_7series_0_0/Genesys_mig_7series_0_0_in_context.xdc, line 19).
Applied set_property IO_BUFFER_TYPE = NONE for ddr3_sdram_addr[1]. (constraint file  c:/Users/xujia/Genesys/Genesys.srcs/sources_1/bd/Genesys/ip/Genesys_mig_7series_0_0/Genesys_mig_7series_0_0/Genesys_mig_7series_0_0_in_context.xdc, line 20).
Applied set_property CLOCK_BUFFER_TYPE = NONE for ddr3_sdram_addr[1]. (constraint file  c:/Users/xujia/Genesys/Genesys.srcs/sources_1/bd/Genesys/ip/Genesys_mig_7series_0_0/Genesys_mig_7series_0_0/Genesys_mig_7series_0_0_in_context.xdc, line 21).
Applied set_property IO_BUFFER_TYPE = NONE for ddr3_sdram_addr[2]. (constraint file  c:/Users/xujia/Genesys/Genesys.srcs/sources_1/bd/Genesys/ip/Genesys_mig_7series_0_0/Genesys_mig_7series_0_0/Genesys_mig_7series_0_0_in_context.xdc, line 22).
Applied set_property CLOCK_BUFFER_TYPE = NONE for ddr3_sdram_addr[2]. (constraint file  c:/Users/xujia/Genesys/Genesys.srcs/sources_1/bd/Genesys/ip/Genesys_mig_7series_0_0/Genesys_mig_7series_0_0/Genesys_mig_7series_0_0_in_context.xdc, line 23).
Applied set_property IO_BUFFER_TYPE = NONE for ddr3_sdram_addr[3]. (constraint file  c:/Users/xujia/Genesys/Genesys.srcs/sources_1/bd/Genesys/ip/Genesys_mig_7series_0_0/Genesys_mig_7series_0_0/Genesys_mig_7series_0_0_in_context.xdc, line 24).
Applied set_property CLOCK_BUFFER_TYPE = NONE for ddr3_sdram_addr[3]. (constraint file  c:/Users/xujia/Genesys/Genesys.srcs/sources_1/bd/Genesys/ip/Genesys_mig_7series_0_0/Genesys_mig_7series_0_0/Genesys_mig_7series_0_0_in_context.xdc, line 25).
Applied set_property IO_BUFFER_TYPE = NONE for ddr3_sdram_addr[4]. (constraint file  c:/Users/xujia/Genesys/Genesys.srcs/sources_1/bd/Genesys/ip/Genesys_mig_7series_0_0/Genesys_mig_7series_0_0/Genesys_mig_7series_0_0_in_context.xdc, line 26).
Applied set_property CLOCK_BUFFER_TYPE = NONE for ddr3_sdram_addr[4]. (constraint file  c:/Users/xujia/Genesys/Genesys.srcs/sources_1/bd/Genesys/ip/Genesys_mig_7series_0_0/Genesys_mig_7series_0_0/Genesys_mig_7series_0_0_in_context.xdc, line 27).
Applied set_property IO_BUFFER_TYPE = NONE for ddr3_sdram_addr[5]. (constraint file  c:/Users/xujia/Genesys/Genesys.srcs/sources_1/bd/Genesys/ip/Genesys_mig_7series_0_0/Genesys_mig_7series_0_0/Genesys_mig_7series_0_0_in_context.xdc, line 28).
Applied set_property CLOCK_BUFFER_TYPE = NONE for ddr3_sdram_addr[5]. (constraint file  c:/Users/xujia/Genesys/Genesys.srcs/sources_1/bd/Genesys/ip/Genesys_mig_7series_0_0/Genesys_mig_7series_0_0/Genesys_mig_7series_0_0_in_context.xdc, line 29).
Applied set_property IO_BUFFER_TYPE = NONE for ddr3_sdram_addr[6]. (constraint file  c:/Users/xujia/Genesys/Genesys.srcs/sources_1/bd/Genesys/ip/Genesys_mig_7series_0_0/Genesys_mig_7series_0_0/Genesys_mig_7series_0_0_in_context.xdc, line 30).
Applied set_property CLOCK_BUFFER_TYPE = NONE for ddr3_sdram_addr[6]. (constraint file  c:/Users/xujia/Genesys/Genesys.srcs/sources_1/bd/Genesys/ip/Genesys_mig_7series_0_0/Genesys_mig_7series_0_0/Genesys_mig_7series_0_0_in_context.xdc, line 31).
Applied set_property IO_BUFFER_TYPE = NONE for ddr3_sdram_addr[7]. (constraint file  c:/Users/xujia/Genesys/Genesys.srcs/sources_1/bd/Genesys/ip/Genesys_mig_7series_0_0/Genesys_mig_7series_0_0/Genesys_mig_7series_0_0_in_context.xdc, line 32).
Applied set_property CLOCK_BUFFER_TYPE = NONE for ddr3_sdram_addr[7]. (constraint file  c:/Users/xujia/Genesys/Genesys.srcs/sources_1/bd/Genesys/ip/Genesys_mig_7series_0_0/Genesys_mig_7series_0_0/Genesys_mig_7series_0_0_in_context.xdc, line 33).
Applied set_property IO_BUFFER_TYPE = NONE for ddr3_sdram_addr[8]. (constraint file  c:/Users/xujia/Genesys/Genesys.srcs/sources_1/bd/Genesys/ip/Genesys_mig_7series_0_0/Genesys_mig_7series_0_0/Genesys_mig_7series_0_0_in_context.xdc, line 34).
Applied set_property CLOCK_BUFFER_TYPE = NONE for ddr3_sdram_addr[8]. (constraint file  c:/Users/xujia/Genesys/Genesys.srcs/sources_1/bd/Genesys/ip/Genesys_mig_7series_0_0/Genesys_mig_7series_0_0/Genesys_mig_7series_0_0_in_context.xdc, line 35).
Applied set_property IO_BUFFER_TYPE = NONE for ddr3_sdram_addr[9]. (constraint file  c:/Users/xujia/Genesys/Genesys.srcs/sources_1/bd/Genesys/ip/Genesys_mig_7series_0_0/Genesys_mig_7series_0_0/Genesys_mig_7series_0_0_in_context.xdc, line 36).
Applied set_property CLOCK_BUFFER_TYPE = NONE for ddr3_sdram_addr[9]. (constraint file  c:/Users/xujia/Genesys/Genesys.srcs/sources_1/bd/Genesys/ip/Genesys_mig_7series_0_0/Genesys_mig_7series_0_0/Genesys_mig_7series_0_0_in_context.xdc, line 37).
Applied set_property IO_BUFFER_TYPE = NONE for ddr3_sdram_ba[0]. (constraint file  c:/Users/xujia/Genesys/Genesys.srcs/sources_1/bd/Genesys/ip/Genesys_mig_7series_0_0/Genesys_mig_7series_0_0/Genesys_mig_7series_0_0_in_context.xdc, line 38).
Applied set_property CLOCK_BUFFER_TYPE = NONE for ddr3_sdram_ba[0]. (constraint file  c:/Users/xujia/Genesys/Genesys.srcs/sources_1/bd/Genesys/ip/Genesys_mig_7series_0_0/Genesys_mig_7series_0_0/Genesys_mig_7series_0_0_in_context.xdc, line 39).
Applied set_property IO_BUFFER_TYPE = NONE for ddr3_sdram_ba[1]. (constraint file  c:/Users/xujia/Genesys/Genesys.srcs/sources_1/bd/Genesys/ip/Genesys_mig_7series_0_0/Genesys_mig_7series_0_0/Genesys_mig_7series_0_0_in_context.xdc, line 40).
Applied set_property CLOCK_BUFFER_TYPE = NONE for ddr3_sdram_ba[1]. (constraint file  c:/Users/xujia/Genesys/Genesys.srcs/sources_1/bd/Genesys/ip/Genesys_mig_7series_0_0/Genesys_mig_7series_0_0/Genesys_mig_7series_0_0_in_context.xdc, line 41).
Applied set_property IO_BUFFER_TYPE = NONE for ddr3_sdram_ba[2]. (constraint file  c:/Users/xujia/Genesys/Genesys.srcs/sources_1/bd/Genesys/ip/Genesys_mig_7series_0_0/Genesys_mig_7series_0_0/Genesys_mig_7series_0_0_in_context.xdc, line 42).
Applied set_property CLOCK_BUFFER_TYPE = NONE for ddr3_sdram_ba[2]. (constraint file  c:/Users/xujia/Genesys/Genesys.srcs/sources_1/bd/Genesys/ip/Genesys_mig_7series_0_0/Genesys_mig_7series_0_0/Genesys_mig_7series_0_0_in_context.xdc, line 43).
Applied set_property IO_BUFFER_TYPE = NONE for ddr3_sdram_cas_n. (constraint file  c:/Users/xujia/Genesys/Genesys.srcs/sources_1/bd/Genesys/ip/Genesys_mig_7series_0_0/Genesys_mig_7series_0_0/Genesys_mig_7series_0_0_in_context.xdc, line 44).
Applied set_property CLOCK_BUFFER_TYPE = NONE for ddr3_sdram_cas_n. (constraint file  c:/Users/xujia/Genesys/Genesys.srcs/sources_1/bd/Genesys/ip/Genesys_mig_7series_0_0/Genesys_mig_7series_0_0/Genesys_mig_7series_0_0_in_context.xdc, line 45).
Applied set_property IO_BUFFER_TYPE = NONE for ddr3_sdram_ck_n[0]. (constraint file  c:/Users/xujia/Genesys/Genesys.srcs/sources_1/bd/Genesys/ip/Genesys_mig_7series_0_0/Genesys_mig_7series_0_0/Genesys_mig_7series_0_0_in_context.xdc, line 46).
Applied set_property CLOCK_BUFFER_TYPE = NONE for ddr3_sdram_ck_n[0]. (constraint file  c:/Users/xujia/Genesys/Genesys.srcs/sources_1/bd/Genesys/ip/Genesys_mig_7series_0_0/Genesys_mig_7series_0_0/Genesys_mig_7series_0_0_in_context.xdc, line 47).
Applied set_property IO_BUFFER_TYPE = NONE for ddr3_sdram_ck_p[0]. (constraint file  c:/Users/xujia/Genesys/Genesys.srcs/sources_1/bd/Genesys/ip/Genesys_mig_7series_0_0/Genesys_mig_7series_0_0/Genesys_mig_7series_0_0_in_context.xdc, line 48).
Applied set_property CLOCK_BUFFER_TYPE = NONE for ddr3_sdram_ck_p[0]. (constraint file  c:/Users/xujia/Genesys/Genesys.srcs/sources_1/bd/Genesys/ip/Genesys_mig_7series_0_0/Genesys_mig_7series_0_0/Genesys_mig_7series_0_0_in_context.xdc, line 49).
Applied set_property IO_BUFFER_TYPE = NONE for ddr3_sdram_cke[0]. (constraint file  c:/Users/xujia/Genesys/Genesys.srcs/sources_1/bd/Genesys/ip/Genesys_mig_7series_0_0/Genesys_mig_7series_0_0/Genesys_mig_7series_0_0_in_context.xdc, line 50).
Applied set_property CLOCK_BUFFER_TYPE = NONE for ddr3_sdram_cke[0]. (constraint file  c:/Users/xujia/Genesys/Genesys.srcs/sources_1/bd/Genesys/ip/Genesys_mig_7series_0_0/Genesys_mig_7series_0_0/Genesys_mig_7series_0_0_in_context.xdc, line 51).
Applied set_property IO_BUFFER_TYPE = NONE for ddr3_sdram_cs_n[0]. (constraint file  c:/Users/xujia/Genesys/Genesys.srcs/sources_1/bd/Genesys/ip/Genesys_mig_7series_0_0/Genesys_mig_7series_0_0/Genesys_mig_7series_0_0_in_context.xdc, line 52).
Applied set_property CLOCK_BUFFER_TYPE = NONE for ddr3_sdram_cs_n[0]. (constraint file  c:/Users/xujia/Genesys/Genesys.srcs/sources_1/bd/Genesys/ip/Genesys_mig_7series_0_0/Genesys_mig_7series_0_0/Genesys_mig_7series_0_0_in_context.xdc, line 53).
Applied set_property IO_BUFFER_TYPE = NONE for ddr3_sdram_dm[0]. (constraint file  c:/Users/xujia/Genesys/Genesys.srcs/sources_1/bd/Genesys/ip/Genesys_mig_7series_0_0/Genesys_mig_7series_0_0/Genesys_mig_7series_0_0_in_context.xdc, line 54).
Applied set_property CLOCK_BUFFER_TYPE = NONE for ddr3_sdram_dm[0]. (constraint file  c:/Users/xujia/Genesys/Genesys.srcs/sources_1/bd/Genesys/ip/Genesys_mig_7series_0_0/Genesys_mig_7series_0_0/Genesys_mig_7series_0_0_in_context.xdc, line 55).
Applied set_property IO_BUFFER_TYPE = NONE for ddr3_sdram_dm[1]. (constraint file  c:/Users/xujia/Genesys/Genesys.srcs/sources_1/bd/Genesys/ip/Genesys_mig_7series_0_0/Genesys_mig_7series_0_0/Genesys_mig_7series_0_0_in_context.xdc, line 56).
Applied set_property CLOCK_BUFFER_TYPE = NONE for ddr3_sdram_dm[1]. (constraint file  c:/Users/xujia/Genesys/Genesys.srcs/sources_1/bd/Genesys/ip/Genesys_mig_7series_0_0/Genesys_mig_7series_0_0/Genesys_mig_7series_0_0_in_context.xdc, line 57).
Applied set_property IO_BUFFER_TYPE = NONE for ddr3_sdram_dm[2]. (constraint file  c:/Users/xujia/Genesys/Genesys.srcs/sources_1/bd/Genesys/ip/Genesys_mig_7series_0_0/Genesys_mig_7series_0_0/Genesys_mig_7series_0_0_in_context.xdc, line 58).
Applied set_property CLOCK_BUFFER_TYPE = NONE for ddr3_sdram_dm[2]. (constraint file  c:/Users/xujia/Genesys/Genesys.srcs/sources_1/bd/Genesys/ip/Genesys_mig_7series_0_0/Genesys_mig_7series_0_0/Genesys_mig_7series_0_0_in_context.xdc, line 59).
Applied set_property IO_BUFFER_TYPE = NONE for ddr3_sdram_dm[3]. (constraint file  c:/Users/xujia/Genesys/Genesys.srcs/sources_1/bd/Genesys/ip/Genesys_mig_7series_0_0/Genesys_mig_7series_0_0/Genesys_mig_7series_0_0_in_context.xdc, line 60).
Applied set_property CLOCK_BUFFER_TYPE = NONE for ddr3_sdram_dm[3]. (constraint file  c:/Users/xujia/Genesys/Genesys.srcs/sources_1/bd/Genesys/ip/Genesys_mig_7series_0_0/Genesys_mig_7series_0_0/Genesys_mig_7series_0_0_in_context.xdc, line 61).
Applied set_property IO_BUFFER_TYPE = NONE for ddr3_sdram_dq[0]. (constraint file  c:/Users/xujia/Genesys/Genesys.srcs/sources_1/bd/Genesys/ip/Genesys_mig_7series_0_0/Genesys_mig_7series_0_0/Genesys_mig_7series_0_0_in_context.xdc, line 62).
Applied set_property CLOCK_BUFFER_TYPE = NONE for ddr3_sdram_dq[0]. (constraint file  c:/Users/xujia/Genesys/Genesys.srcs/sources_1/bd/Genesys/ip/Genesys_mig_7series_0_0/Genesys_mig_7series_0_0/Genesys_mig_7series_0_0_in_context.xdc, line 63).
Applied set_property IO_BUFFER_TYPE = NONE for ddr3_sdram_dq[10]. (constraint file  c:/Users/xujia/Genesys/Genesys.srcs/sources_1/bd/Genesys/ip/Genesys_mig_7series_0_0/Genesys_mig_7series_0_0/Genesys_mig_7series_0_0_in_context.xdc, line 64).
Applied set_property CLOCK_BUFFER_TYPE = NONE for ddr3_sdram_dq[10]. (constraint file  c:/Users/xujia/Genesys/Genesys.srcs/sources_1/bd/Genesys/ip/Genesys_mig_7series_0_0/Genesys_mig_7series_0_0/Genesys_mig_7series_0_0_in_context.xdc, line 65).
Applied set_property IO_BUFFER_TYPE = NONE for ddr3_sdram_dq[11]. (constraint file  c:/Users/xujia/Genesys/Genesys.srcs/sources_1/bd/Genesys/ip/Genesys_mig_7series_0_0/Genesys_mig_7series_0_0/Genesys_mig_7series_0_0_in_context.xdc, line 66).
Applied set_property CLOCK_BUFFER_TYPE = NONE for ddr3_sdram_dq[11]. (constraint file  c:/Users/xujia/Genesys/Genesys.srcs/sources_1/bd/Genesys/ip/Genesys_mig_7series_0_0/Genesys_mig_7series_0_0/Genesys_mig_7series_0_0_in_context.xdc, line 67).
Applied set_property IO_BUFFER_TYPE = NONE for ddr3_sdram_dq[12]. (constraint file  c:/Users/xujia/Genesys/Genesys.srcs/sources_1/bd/Genesys/ip/Genesys_mig_7series_0_0/Genesys_mig_7series_0_0/Genesys_mig_7series_0_0_in_context.xdc, line 68).
Applied set_property CLOCK_BUFFER_TYPE = NONE for ddr3_sdram_dq[12]. (constraint file  c:/Users/xujia/Genesys/Genesys.srcs/sources_1/bd/Genesys/ip/Genesys_mig_7series_0_0/Genesys_mig_7series_0_0/Genesys_mig_7series_0_0_in_context.xdc, line 69).
Applied set_property IO_BUFFER_TYPE = NONE for ddr3_sdram_dq[13]. (constraint file  c:/Users/xujia/Genesys/Genesys.srcs/sources_1/bd/Genesys/ip/Genesys_mig_7series_0_0/Genesys_mig_7series_0_0/Genesys_mig_7series_0_0_in_context.xdc, line 70).
Applied set_property CLOCK_BUFFER_TYPE = NONE for ddr3_sdram_dq[13]. (constraint file  c:/Users/xujia/Genesys/Genesys.srcs/sources_1/bd/Genesys/ip/Genesys_mig_7series_0_0/Genesys_mig_7series_0_0/Genesys_mig_7series_0_0_in_context.xdc, line 71).
Applied set_property IO_BUFFER_TYPE = NONE for ddr3_sdram_dq[14]. (constraint file  c:/Users/xujia/Genesys/Genesys.srcs/sources_1/bd/Genesys/ip/Genesys_mig_7series_0_0/Genesys_mig_7series_0_0/Genesys_mig_7series_0_0_in_context.xdc, line 72).
Applied set_property CLOCK_BUFFER_TYPE = NONE for ddr3_sdram_dq[14]. (constraint file  c:/Users/xujia/Genesys/Genesys.srcs/sources_1/bd/Genesys/ip/Genesys_mig_7series_0_0/Genesys_mig_7series_0_0/Genesys_mig_7series_0_0_in_context.xdc, line 73).
Applied set_property IO_BUFFER_TYPE = NONE for ddr3_sdram_dq[15]. (constraint file  c:/Users/xujia/Genesys/Genesys.srcs/sources_1/bd/Genesys/ip/Genesys_mig_7series_0_0/Genesys_mig_7series_0_0/Genesys_mig_7series_0_0_in_context.xdc, line 74).
Applied set_property CLOCK_BUFFER_TYPE = NONE for ddr3_sdram_dq[15]. (constraint file  c:/Users/xujia/Genesys/Genesys.srcs/sources_1/bd/Genesys/ip/Genesys_mig_7series_0_0/Genesys_mig_7series_0_0/Genesys_mig_7series_0_0_in_context.xdc, line 75).
Applied set_property IO_BUFFER_TYPE = NONE for ddr3_sdram_dq[16]. (constraint file  c:/Users/xujia/Genesys/Genesys.srcs/sources_1/bd/Genesys/ip/Genesys_mig_7series_0_0/Genesys_mig_7series_0_0/Genesys_mig_7series_0_0_in_context.xdc, line 76).
Applied set_property CLOCK_BUFFER_TYPE = NONE for ddr3_sdram_dq[16]. (constraint file  c:/Users/xujia/Genesys/Genesys.srcs/sources_1/bd/Genesys/ip/Genesys_mig_7series_0_0/Genesys_mig_7series_0_0/Genesys_mig_7series_0_0_in_context.xdc, line 77).
Applied set_property IO_BUFFER_TYPE = NONE for ddr3_sdram_dq[17]. (constraint file  c:/Users/xujia/Genesys/Genesys.srcs/sources_1/bd/Genesys/ip/Genesys_mig_7series_0_0/Genesys_mig_7series_0_0/Genesys_mig_7series_0_0_in_context.xdc, line 78).
Applied set_property CLOCK_BUFFER_TYPE = NONE for ddr3_sdram_dq[17]. (constraint file  c:/Users/xujia/Genesys/Genesys.srcs/sources_1/bd/Genesys/ip/Genesys_mig_7series_0_0/Genesys_mig_7series_0_0/Genesys_mig_7series_0_0_in_context.xdc, line 79).
Applied set_property IO_BUFFER_TYPE = NONE for ddr3_sdram_dq[18]. (constraint file  c:/Users/xujia/Genesys/Genesys.srcs/sources_1/bd/Genesys/ip/Genesys_mig_7series_0_0/Genesys_mig_7series_0_0/Genesys_mig_7series_0_0_in_context.xdc, line 80).
Applied set_property CLOCK_BUFFER_TYPE = NONE for ddr3_sdram_dq[18]. (constraint file  c:/Users/xujia/Genesys/Genesys.srcs/sources_1/bd/Genesys/ip/Genesys_mig_7series_0_0/Genesys_mig_7series_0_0/Genesys_mig_7series_0_0_in_context.xdc, line 81).
Applied set_property IO_BUFFER_TYPE = NONE for ddr3_sdram_dq[19]. (constraint file  c:/Users/xujia/Genesys/Genesys.srcs/sources_1/bd/Genesys/ip/Genesys_mig_7series_0_0/Genesys_mig_7series_0_0/Genesys_mig_7series_0_0_in_context.xdc, line 82).
Applied set_property CLOCK_BUFFER_TYPE = NONE for ddr3_sdram_dq[19]. (constraint file  c:/Users/xujia/Genesys/Genesys.srcs/sources_1/bd/Genesys/ip/Genesys_mig_7series_0_0/Genesys_mig_7series_0_0/Genesys_mig_7series_0_0_in_context.xdc, line 83).
Applied set_property IO_BUFFER_TYPE = NONE for ddr3_sdram_dq[1]. (constraint file  c:/Users/xujia/Genesys/Genesys.srcs/sources_1/bd/Genesys/ip/Genesys_mig_7series_0_0/Genesys_mig_7series_0_0/Genesys_mig_7series_0_0_in_context.xdc, line 84).
Applied set_property CLOCK_BUFFER_TYPE = NONE for ddr3_sdram_dq[1]. (constraint file  c:/Users/xujia/Genesys/Genesys.srcs/sources_1/bd/Genesys/ip/Genesys_mig_7series_0_0/Genesys_mig_7series_0_0/Genesys_mig_7series_0_0_in_context.xdc, line 85).
Applied set_property IO_BUFFER_TYPE = NONE for ddr3_sdram_dq[20]. (constraint file  c:/Users/xujia/Genesys/Genesys.srcs/sources_1/bd/Genesys/ip/Genesys_mig_7series_0_0/Genesys_mig_7series_0_0/Genesys_mig_7series_0_0_in_context.xdc, line 86).
Applied set_property CLOCK_BUFFER_TYPE = NONE for ddr3_sdram_dq[20]. (constraint file  c:/Users/xujia/Genesys/Genesys.srcs/sources_1/bd/Genesys/ip/Genesys_mig_7series_0_0/Genesys_mig_7series_0_0/Genesys_mig_7series_0_0_in_context.xdc, line 87).
Applied set_property IO_BUFFER_TYPE = NONE for ddr3_sdram_dq[21]. (constraint file  c:/Users/xujia/Genesys/Genesys.srcs/sources_1/bd/Genesys/ip/Genesys_mig_7series_0_0/Genesys_mig_7series_0_0/Genesys_mig_7series_0_0_in_context.xdc, line 88).
Applied set_property CLOCK_BUFFER_TYPE = NONE for ddr3_sdram_dq[21]. (constraint file  c:/Users/xujia/Genesys/Genesys.srcs/sources_1/bd/Genesys/ip/Genesys_mig_7series_0_0/Genesys_mig_7series_0_0/Genesys_mig_7series_0_0_in_context.xdc, line 89).
Applied set_property IO_BUFFER_TYPE = NONE for ddr3_sdram_dq[22]. (constraint file  c:/Users/xujia/Genesys/Genesys.srcs/sources_1/bd/Genesys/ip/Genesys_mig_7series_0_0/Genesys_mig_7series_0_0/Genesys_mig_7series_0_0_in_context.xdc, line 90).
Applied set_property CLOCK_BUFFER_TYPE = NONE for ddr3_sdram_dq[22]. (constraint file  c:/Users/xujia/Genesys/Genesys.srcs/sources_1/bd/Genesys/ip/Genesys_mig_7series_0_0/Genesys_mig_7series_0_0/Genesys_mig_7series_0_0_in_context.xdc, line 91).
Applied set_property IO_BUFFER_TYPE = NONE for ddr3_sdram_dq[23]. (constraint file  c:/Users/xujia/Genesys/Genesys.srcs/sources_1/bd/Genesys/ip/Genesys_mig_7series_0_0/Genesys_mig_7series_0_0/Genesys_mig_7series_0_0_in_context.xdc, line 92).
Applied set_property CLOCK_BUFFER_TYPE = NONE for ddr3_sdram_dq[23]. (constraint file  c:/Users/xujia/Genesys/Genesys.srcs/sources_1/bd/Genesys/ip/Genesys_mig_7series_0_0/Genesys_mig_7series_0_0/Genesys_mig_7series_0_0_in_context.xdc, line 93).
Applied set_property IO_BUFFER_TYPE = NONE for ddr3_sdram_dq[24]. (constraint file  c:/Users/xujia/Genesys/Genesys.srcs/sources_1/bd/Genesys/ip/Genesys_mig_7series_0_0/Genesys_mig_7series_0_0/Genesys_mig_7series_0_0_in_context.xdc, line 94).
Applied set_property CLOCK_BUFFER_TYPE = NONE for ddr3_sdram_dq[24]. (constraint file  c:/Users/xujia/Genesys/Genesys.srcs/sources_1/bd/Genesys/ip/Genesys_mig_7series_0_0/Genesys_mig_7series_0_0/Genesys_mig_7series_0_0_in_context.xdc, line 95).
Applied set_property IO_BUFFER_TYPE = NONE for ddr3_sdram_dq[25]. (constraint file  c:/Users/xujia/Genesys/Genesys.srcs/sources_1/bd/Genesys/ip/Genesys_mig_7series_0_0/Genesys_mig_7series_0_0/Genesys_mig_7series_0_0_in_context.xdc, line 96).
Applied set_property CLOCK_BUFFER_TYPE = NONE for ddr3_sdram_dq[25]. (constraint file  c:/Users/xujia/Genesys/Genesys.srcs/sources_1/bd/Genesys/ip/Genesys_mig_7series_0_0/Genesys_mig_7series_0_0/Genesys_mig_7series_0_0_in_context.xdc, line 97).
Applied set_property IO_BUFFER_TYPE = NONE for ddr3_sdram_dq[26]. (constraint file  c:/Users/xujia/Genesys/Genesys.srcs/sources_1/bd/Genesys/ip/Genesys_mig_7series_0_0/Genesys_mig_7series_0_0/Genesys_mig_7series_0_0_in_context.xdc, line 98).
Applied set_property CLOCK_BUFFER_TYPE = NONE for ddr3_sdram_dq[26]. (constraint file  c:/Users/xujia/Genesys/Genesys.srcs/sources_1/bd/Genesys/ip/Genesys_mig_7series_0_0/Genesys_mig_7series_0_0/Genesys_mig_7series_0_0_in_context.xdc, line 99).
Applied set_property IO_BUFFER_TYPE = NONE for ddr3_sdram_dq[27]. (constraint file  c:/Users/xujia/Genesys/Genesys.srcs/sources_1/bd/Genesys/ip/Genesys_mig_7series_0_0/Genesys_mig_7series_0_0/Genesys_mig_7series_0_0_in_context.xdc, line 100).
Applied set_property CLOCK_BUFFER_TYPE = NONE for ddr3_sdram_dq[27]. (constraint file  c:/Users/xujia/Genesys/Genesys.srcs/sources_1/bd/Genesys/ip/Genesys_mig_7series_0_0/Genesys_mig_7series_0_0/Genesys_mig_7series_0_0_in_context.xdc, line 101).
Applied set_property IO_BUFFER_TYPE = NONE for ddr3_sdram_dq[28]. (constraint file  c:/Users/xujia/Genesys/Genesys.srcs/sources_1/bd/Genesys/ip/Genesys_mig_7series_0_0/Genesys_mig_7series_0_0/Genesys_mig_7series_0_0_in_context.xdc, line 102).
Applied set_property CLOCK_BUFFER_TYPE = NONE for ddr3_sdram_dq[28]. (constraint file  c:/Users/xujia/Genesys/Genesys.srcs/sources_1/bd/Genesys/ip/Genesys_mig_7series_0_0/Genesys_mig_7series_0_0/Genesys_mig_7series_0_0_in_context.xdc, line 103).
Applied set_property IO_BUFFER_TYPE = NONE for ddr3_sdram_dq[29]. (constraint file  c:/Users/xujia/Genesys/Genesys.srcs/sources_1/bd/Genesys/ip/Genesys_mig_7series_0_0/Genesys_mig_7series_0_0/Genesys_mig_7series_0_0_in_context.xdc, line 104).
Applied set_property CLOCK_BUFFER_TYPE = NONE for ddr3_sdram_dq[29]. (constraint file  c:/Users/xujia/Genesys/Genesys.srcs/sources_1/bd/Genesys/ip/Genesys_mig_7series_0_0/Genesys_mig_7series_0_0/Genesys_mig_7series_0_0_in_context.xdc, line 105).
Applied set_property IO_BUFFER_TYPE = NONE for ddr3_sdram_dq[2]. (constraint file  c:/Users/xujia/Genesys/Genesys.srcs/sources_1/bd/Genesys/ip/Genesys_mig_7series_0_0/Genesys_mig_7series_0_0/Genesys_mig_7series_0_0_in_context.xdc, line 106).
Applied set_property CLOCK_BUFFER_TYPE = NONE for ddr3_sdram_dq[2]. (constraint file  c:/Users/xujia/Genesys/Genesys.srcs/sources_1/bd/Genesys/ip/Genesys_mig_7series_0_0/Genesys_mig_7series_0_0/Genesys_mig_7series_0_0_in_context.xdc, line 107).
Applied set_property IO_BUFFER_TYPE = NONE for ddr3_sdram_dq[30]. (constraint file  c:/Users/xujia/Genesys/Genesys.srcs/sources_1/bd/Genesys/ip/Genesys_mig_7series_0_0/Genesys_mig_7series_0_0/Genesys_mig_7series_0_0_in_context.xdc, line 108).
Applied set_property CLOCK_BUFFER_TYPE = NONE for ddr3_sdram_dq[30]. (constraint file  c:/Users/xujia/Genesys/Genesys.srcs/sources_1/bd/Genesys/ip/Genesys_mig_7series_0_0/Genesys_mig_7series_0_0/Genesys_mig_7series_0_0_in_context.xdc, line 109).
Applied set_property IO_BUFFER_TYPE = NONE for ddr3_sdram_dq[31]. (constraint file  c:/Users/xujia/Genesys/Genesys.srcs/sources_1/bd/Genesys/ip/Genesys_mig_7series_0_0/Genesys_mig_7series_0_0/Genesys_mig_7series_0_0_in_context.xdc, line 110).
Applied set_property CLOCK_BUFFER_TYPE = NONE for ddr3_sdram_dq[31]. (constraint file  c:/Users/xujia/Genesys/Genesys.srcs/sources_1/bd/Genesys/ip/Genesys_mig_7series_0_0/Genesys_mig_7series_0_0/Genesys_mig_7series_0_0_in_context.xdc, line 111).
Applied set_property IO_BUFFER_TYPE = NONE for ddr3_sdram_dq[3]. (constraint file  c:/Users/xujia/Genesys/Genesys.srcs/sources_1/bd/Genesys/ip/Genesys_mig_7series_0_0/Genesys_mig_7series_0_0/Genesys_mig_7series_0_0_in_context.xdc, line 112).
Applied set_property CLOCK_BUFFER_TYPE = NONE for ddr3_sdram_dq[3]. (constraint file  c:/Users/xujia/Genesys/Genesys.srcs/sources_1/bd/Genesys/ip/Genesys_mig_7series_0_0/Genesys_mig_7series_0_0/Genesys_mig_7series_0_0_in_context.xdc, line 113).
Applied set_property IO_BUFFER_TYPE = NONE for ddr3_sdram_dq[4]. (constraint file  c:/Users/xujia/Genesys/Genesys.srcs/sources_1/bd/Genesys/ip/Genesys_mig_7series_0_0/Genesys_mig_7series_0_0/Genesys_mig_7series_0_0_in_context.xdc, line 114).
Applied set_property CLOCK_BUFFER_TYPE = NONE for ddr3_sdram_dq[4]. (constraint file  c:/Users/xujia/Genesys/Genesys.srcs/sources_1/bd/Genesys/ip/Genesys_mig_7series_0_0/Genesys_mig_7series_0_0/Genesys_mig_7series_0_0_in_context.xdc, line 115).
Applied set_property IO_BUFFER_TYPE = NONE for ddr3_sdram_dq[5]. (constraint file  c:/Users/xujia/Genesys/Genesys.srcs/sources_1/bd/Genesys/ip/Genesys_mig_7series_0_0/Genesys_mig_7series_0_0/Genesys_mig_7series_0_0_in_context.xdc, line 116).
Applied set_property CLOCK_BUFFER_TYPE = NONE for ddr3_sdram_dq[5]. (constraint file  c:/Users/xujia/Genesys/Genesys.srcs/sources_1/bd/Genesys/ip/Genesys_mig_7series_0_0/Genesys_mig_7series_0_0/Genesys_mig_7series_0_0_in_context.xdc, line 117).
Applied set_property IO_BUFFER_TYPE = NONE for ddr3_sdram_dq[6]. (constraint file  c:/Users/xujia/Genesys/Genesys.srcs/sources_1/bd/Genesys/ip/Genesys_mig_7series_0_0/Genesys_mig_7series_0_0/Genesys_mig_7series_0_0_in_context.xdc, line 118).
Applied set_property CLOCK_BUFFER_TYPE = NONE for ddr3_sdram_dq[6]. (constraint file  c:/Users/xujia/Genesys/Genesys.srcs/sources_1/bd/Genesys/ip/Genesys_mig_7series_0_0/Genesys_mig_7series_0_0/Genesys_mig_7series_0_0_in_context.xdc, line 119).
Applied set_property IO_BUFFER_TYPE = NONE for ddr3_sdram_dq[7]. (constraint file  c:/Users/xujia/Genesys/Genesys.srcs/sources_1/bd/Genesys/ip/Genesys_mig_7series_0_0/Genesys_mig_7series_0_0/Genesys_mig_7series_0_0_in_context.xdc, line 120).
Applied set_property CLOCK_BUFFER_TYPE = NONE for ddr3_sdram_dq[7]. (constraint file  c:/Users/xujia/Genesys/Genesys.srcs/sources_1/bd/Genesys/ip/Genesys_mig_7series_0_0/Genesys_mig_7series_0_0/Genesys_mig_7series_0_0_in_context.xdc, line 121).
Applied set_property IO_BUFFER_TYPE = NONE for ddr3_sdram_dq[8]. (constraint file  c:/Users/xujia/Genesys/Genesys.srcs/sources_1/bd/Genesys/ip/Genesys_mig_7series_0_0/Genesys_mig_7series_0_0/Genesys_mig_7series_0_0_in_context.xdc, line 122).
Applied set_property CLOCK_BUFFER_TYPE = NONE for ddr3_sdram_dq[8]. (constraint file  c:/Users/xujia/Genesys/Genesys.srcs/sources_1/bd/Genesys/ip/Genesys_mig_7series_0_0/Genesys_mig_7series_0_0/Genesys_mig_7series_0_0_in_context.xdc, line 123).
Applied set_property IO_BUFFER_TYPE = NONE for ddr3_sdram_dq[9]. (constraint file  c:/Users/xujia/Genesys/Genesys.srcs/sources_1/bd/Genesys/ip/Genesys_mig_7series_0_0/Genesys_mig_7series_0_0/Genesys_mig_7series_0_0_in_context.xdc, line 124).
Applied set_property CLOCK_BUFFER_TYPE = NONE for ddr3_sdram_dq[9]. (constraint file  c:/Users/xujia/Genesys/Genesys.srcs/sources_1/bd/Genesys/ip/Genesys_mig_7series_0_0/Genesys_mig_7series_0_0/Genesys_mig_7series_0_0_in_context.xdc, line 125).
Applied set_property IO_BUFFER_TYPE = NONE for ddr3_sdram_dqs_n[0]. (constraint file  c:/Users/xujia/Genesys/Genesys.srcs/sources_1/bd/Genesys/ip/Genesys_mig_7series_0_0/Genesys_mig_7series_0_0/Genesys_mig_7series_0_0_in_context.xdc, line 126).
Applied set_property CLOCK_BUFFER_TYPE = NONE for ddr3_sdram_dqs_n[0]. (constraint file  c:/Users/xujia/Genesys/Genesys.srcs/sources_1/bd/Genesys/ip/Genesys_mig_7series_0_0/Genesys_mig_7series_0_0/Genesys_mig_7series_0_0_in_context.xdc, line 127).
Applied set_property IO_BUFFER_TYPE = NONE for ddr3_sdram_dqs_n[1]. (constraint file  c:/Users/xujia/Genesys/Genesys.srcs/sources_1/bd/Genesys/ip/Genesys_mig_7series_0_0/Genesys_mig_7series_0_0/Genesys_mig_7series_0_0_in_context.xdc, line 128).
Applied set_property CLOCK_BUFFER_TYPE = NONE for ddr3_sdram_dqs_n[1]. (constraint file  c:/Users/xujia/Genesys/Genesys.srcs/sources_1/bd/Genesys/ip/Genesys_mig_7series_0_0/Genesys_mig_7series_0_0/Genesys_mig_7series_0_0_in_context.xdc, line 129).
Applied set_property IO_BUFFER_TYPE = NONE for ddr3_sdram_dqs_n[2]. (constraint file  c:/Users/xujia/Genesys/Genesys.srcs/sources_1/bd/Genesys/ip/Genesys_mig_7series_0_0/Genesys_mig_7series_0_0/Genesys_mig_7series_0_0_in_context.xdc, line 130).
Applied set_property CLOCK_BUFFER_TYPE = NONE for ddr3_sdram_dqs_n[2]. (constraint file  c:/Users/xujia/Genesys/Genesys.srcs/sources_1/bd/Genesys/ip/Genesys_mig_7series_0_0/Genesys_mig_7series_0_0/Genesys_mig_7series_0_0_in_context.xdc, line 131).
Applied set_property IO_BUFFER_TYPE = NONE for ddr3_sdram_dqs_n[3]. (constraint file  c:/Users/xujia/Genesys/Genesys.srcs/sources_1/bd/Genesys/ip/Genesys_mig_7series_0_0/Genesys_mig_7series_0_0/Genesys_mig_7series_0_0_in_context.xdc, line 132).
Applied set_property CLOCK_BUFFER_TYPE = NONE for ddr3_sdram_dqs_n[3]. (constraint file  c:/Users/xujia/Genesys/Genesys.srcs/sources_1/bd/Genesys/ip/Genesys_mig_7series_0_0/Genesys_mig_7series_0_0/Genesys_mig_7series_0_0_in_context.xdc, line 133).
Applied set_property IO_BUFFER_TYPE = NONE for ddr3_sdram_dqs_p[0]. (constraint file  c:/Users/xujia/Genesys/Genesys.srcs/sources_1/bd/Genesys/ip/Genesys_mig_7series_0_0/Genesys_mig_7series_0_0/Genesys_mig_7series_0_0_in_context.xdc, line 134).
Applied set_property CLOCK_BUFFER_TYPE = NONE for ddr3_sdram_dqs_p[0]. (constraint file  c:/Users/xujia/Genesys/Genesys.srcs/sources_1/bd/Genesys/ip/Genesys_mig_7series_0_0/Genesys_mig_7series_0_0/Genesys_mig_7series_0_0_in_context.xdc, line 135).
Applied set_property IO_BUFFER_TYPE = NONE for ddr3_sdram_dqs_p[1]. (constraint file  c:/Users/xujia/Genesys/Genesys.srcs/sources_1/bd/Genesys/ip/Genesys_mig_7series_0_0/Genesys_mig_7series_0_0/Genesys_mig_7series_0_0_in_context.xdc, line 136).
Applied set_property CLOCK_BUFFER_TYPE = NONE for ddr3_sdram_dqs_p[1]. (constraint file  c:/Users/xujia/Genesys/Genesys.srcs/sources_1/bd/Genesys/ip/Genesys_mig_7series_0_0/Genesys_mig_7series_0_0/Genesys_mig_7series_0_0_in_context.xdc, line 137).
Applied set_property IO_BUFFER_TYPE = NONE for ddr3_sdram_dqs_p[2]. (constraint file  c:/Users/xujia/Genesys/Genesys.srcs/sources_1/bd/Genesys/ip/Genesys_mig_7series_0_0/Genesys_mig_7series_0_0/Genesys_mig_7series_0_0_in_context.xdc, line 138).
Applied set_property CLOCK_BUFFER_TYPE = NONE for ddr3_sdram_dqs_p[2]. (constraint file  c:/Users/xujia/Genesys/Genesys.srcs/sources_1/bd/Genesys/ip/Genesys_mig_7series_0_0/Genesys_mig_7series_0_0/Genesys_mig_7series_0_0_in_context.xdc, line 139).
Applied set_property IO_BUFFER_TYPE = NONE for ddr3_sdram_dqs_p[3]. (constraint file  c:/Users/xujia/Genesys/Genesys.srcs/sources_1/bd/Genesys/ip/Genesys_mig_7series_0_0/Genesys_mig_7series_0_0/Genesys_mig_7series_0_0_in_context.xdc, line 140).
Applied set_property CLOCK_BUFFER_TYPE = NONE for ddr3_sdram_dqs_p[3]. (constraint file  c:/Users/xujia/Genesys/Genesys.srcs/sources_1/bd/Genesys/ip/Genesys_mig_7series_0_0/Genesys_mig_7series_0_0/Genesys_mig_7series_0_0_in_context.xdc, line 141).
Applied set_property IO_BUFFER_TYPE = NONE for ddr3_sdram_odt[0]. (constraint file  c:/Users/xujia/Genesys/Genesys.srcs/sources_1/bd/Genesys/ip/Genesys_mig_7series_0_0/Genesys_mig_7series_0_0/Genesys_mig_7series_0_0_in_context.xdc, line 142).
Applied set_property CLOCK_BUFFER_TYPE = NONE for ddr3_sdram_odt[0]. (constraint file  c:/Users/xujia/Genesys/Genesys.srcs/sources_1/bd/Genesys/ip/Genesys_mig_7series_0_0/Genesys_mig_7series_0_0/Genesys_mig_7series_0_0_in_context.xdc, line 143).
Applied set_property IO_BUFFER_TYPE = NONE for ddr3_sdram_ras_n. (constraint file  c:/Users/xujia/Genesys/Genesys.srcs/sources_1/bd/Genesys/ip/Genesys_mig_7series_0_0/Genesys_mig_7series_0_0/Genesys_mig_7series_0_0_in_context.xdc, line 144).
Applied set_property CLOCK_BUFFER_TYPE = NONE for ddr3_sdram_ras_n. (constraint file  c:/Users/xujia/Genesys/Genesys.srcs/sources_1/bd/Genesys/ip/Genesys_mig_7series_0_0/Genesys_mig_7series_0_0/Genesys_mig_7series_0_0_in_context.xdc, line 145).
Applied set_property IO_BUFFER_TYPE = NONE for ddr3_sdram_reset_n. (constraint file  c:/Users/xujia/Genesys/Genesys.srcs/sources_1/bd/Genesys/ip/Genesys_mig_7series_0_0/Genesys_mig_7series_0_0/Genesys_mig_7series_0_0_in_context.xdc, line 146).
Applied set_property CLOCK_BUFFER_TYPE = NONE for ddr3_sdram_reset_n. (constraint file  c:/Users/xujia/Genesys/Genesys.srcs/sources_1/bd/Genesys/ip/Genesys_mig_7series_0_0/Genesys_mig_7series_0_0/Genesys_mig_7series_0_0_in_context.xdc, line 147).
Applied set_property IO_BUFFER_TYPE = NONE for ddr3_sdram_we_n. (constraint file  c:/Users/xujia/Genesys/Genesys.srcs/sources_1/bd/Genesys/ip/Genesys_mig_7series_0_0/Genesys_mig_7series_0_0/Genesys_mig_7series_0_0_in_context.xdc, line 148).
Applied set_property CLOCK_BUFFER_TYPE = NONE for ddr3_sdram_we_n. (constraint file  c:/Users/xujia/Genesys/Genesys.srcs/sources_1/bd/Genesys/ip/Genesys_mig_7series_0_0/Genesys_mig_7series_0_0/Genesys_mig_7series_0_0_in_context.xdc, line 149).
Applied set_property IO_BUFFER_TYPE = NONE for sys_diff_clock_clk_n. (constraint file  c:/Users/xujia/Genesys/Genesys.srcs/sources_1/bd/Genesys/ip/Genesys_mig_7series_0_0/Genesys_mig_7series_0_0/Genesys_mig_7series_0_0_in_context.xdc, line 150).
Applied set_property CLOCK_BUFFER_TYPE = NONE for sys_diff_clock_clk_n. (constraint file  c:/Users/xujia/Genesys/Genesys.srcs/sources_1/bd/Genesys/ip/Genesys_mig_7series_0_0/Genesys_mig_7series_0_0/Genesys_mig_7series_0_0_in_context.xdc, line 151).
Applied set_property IO_BUFFER_TYPE = NONE for sys_diff_clock_clk_p. (constraint file  c:/Users/xujia/Genesys/Genesys.srcs/sources_1/bd/Genesys/ip/Genesys_mig_7series_0_0/Genesys_mig_7series_0_0/Genesys_mig_7series_0_0_in_context.xdc, line 152).
Applied set_property CLOCK_BUFFER_TYPE = NONE for sys_diff_clock_clk_p. (constraint file  c:/Users/xujia/Genesys/Genesys.srcs/sources_1/bd/Genesys/ip/Genesys_mig_7series_0_0/Genesys_mig_7series_0_0/Genesys_mig_7series_0_0_in_context.xdc, line 153).
Applied set_property DONT_TOUCH = true for Genesys_i. (constraint file  auto generated constraint, line ).
Applied set_property DONT_TOUCH = true for Genesys_i/mig_7series_0. (constraint file  auto generated constraint, line ).
Applied set_property DONT_TOUCH = true for Genesys_i/microblaze_0. (constraint file  auto generated constraint, line ).
Applied set_property DONT_TOUCH = true for Genesys_i/axi_uartlite_0. (constraint file  auto generated constraint, line ).
Applied set_property DONT_TOUCH = true for Genesys_i/axi_gpio_0. (constraint file  auto generated constraint, line ).
Applied set_property DONT_TOUCH = true for Genesys_i/axi_bram_ctrl_0. (constraint file  auto generated constraint, line ).
Applied set_property DONT_TOUCH = true for Genesys_i/microblaze_0_local_memory/dlmb_v10. (constraint file  auto generated constraint, line ).
Applied set_property DONT_TOUCH = true for Genesys_i/microblaze_0_local_memory/ilmb_v10. (constraint file  auto generated constraint, line ).
Applied set_property DONT_TOUCH = true for Genesys_i/microblaze_0_local_memory/dlmb_bram_if_cntlr. (constraint file  auto generated constraint, line ).
Applied set_property DONT_TOUCH = true for Genesys_i/microblaze_0_local_memory/ilmb_bram_if_cntlr. (constraint file  auto generated constraint, line ).
Applied set_property DONT_TOUCH = true for Genesys_i/microblaze_0_local_memory/lmb_bram. (constraint file  auto generated constraint, line ).
Applied set_property DONT_TOUCH = true for Genesys_i/microblaze_0_local_memory/lmb_v10. (constraint file  auto generated constraint, line ).
Applied set_property DONT_TOUCH = true for Genesys_i/mdm_1. (constraint file  auto generated constraint, line ).
Applied set_property DONT_TOUCH = true for Genesys_i/rst_mig_7series_0_100M. (constraint file  auto generated constraint, line ).
Applied set_property DONT_TOUCH = true for Genesys_i/axi_bram_ctrl_0_bram. (constraint file  auto generated constraint, line ).
Applied set_property DONT_TOUCH = true for Genesys_i/axi_smc. (constraint file  auto generated constraint, line ).
Applied set_property DONT_TOUCH = true for Genesys_i/microblaze_0_axi_periph/xbar. (constraint file  auto generated constraint, line ).
Applied set_property DONT_TOUCH = true for Genesys_i/microblaze_0_axi_periph. (constraint file  auto generated constraint, line ).
Applied set_property DONT_TOUCH = true for Genesys_i/system_ila. (constraint file  auto generated constraint, line ).
Applied set_property DONT_TOUCH = true for Genesys_i/rst_mig_7series_0_225M. (constraint file  auto generated constraint, line ).
---------------------------------------------------------------------------------
Finished applying 'set_property' XDC Constraints : Time (s): cpu = 00:00:15 ; elapsed = 00:00:16 . Memory (MB): peak = 1336.105 ; gain = 397.898
---------------------------------------------------------------------------------
---------------------------------------------------------------------------------
Finished RTL Optimization Phase 2 : Time (s): cpu = 00:00:15 ; elapsed = 00:00:16 . Memory (MB): peak = 1336.105 ; gain = 397.898
---------------------------------------------------------------------------------

Report RTL Partitions: 
+-+--------------+------------+----------+
| |RTL Partition |Replication |Instances |
+-+--------------+------------+----------+
+-+--------------+------------+----------+
---------------------------------------------------------------------------------
Start RTL Component Statistics 
---------------------------------------------------------------------------------
Detailed RTL Component Info : 
---------------------------------------------------------------------------------
Finished RTL Component Statistics 
---------------------------------------------------------------------------------
---------------------------------------------------------------------------------
Start RTL Hierarchical Component Statistics 
---------------------------------------------------------------------------------
Hierarchical RTL Component report 
---------------------------------------------------------------------------------
Finished RTL Hierarchical Component Statistics
---------------------------------------------------------------------------------
---------------------------------------------------------------------------------
Start Part Resource Summary
---------------------------------------------------------------------------------
Part Resources:
DSPs: 840 (col length:140)
BRAMs: 890 (col length: RAMB18 140 RAMB36 70)
---------------------------------------------------------------------------------
Finished Part Resource Summary
---------------------------------------------------------------------------------
---------------------------------------------------------------------------------
Start Cross Boundary and Area Optimization
---------------------------------------------------------------------------------
Warning: Parallel synthesis criteria is not met 
WARNING: [Synth 8-3331] design Genesys_microblaze_0_axi_periph_0 has unconnected port M00_ACLK
WARNING: [Synth 8-3331] design Genesys_microblaze_0_axi_periph_0 has unconnected port M00_ARESETN
WARNING: [Synth 8-3331] design Genesys_microblaze_0_axi_periph_0 has unconnected port M01_ACLK
WARNING: [Synth 8-3331] design Genesys_microblaze_0_axi_periph_0 has unconnected port M01_ARESETN
WARNING: [Synth 8-3331] design Genesys_microblaze_0_axi_periph_0 has unconnected port S00_ACLK
WARNING: [Synth 8-3331] design Genesys_microblaze_0_axi_periph_0 has unconnected port S00_ARESETN
---------------------------------------------------------------------------------
Finished Cross Boundary and Area Optimization : Time (s): cpu = 00:00:17 ; elapsed = 00:00:18 . Memory (MB): peak = 1336.105 ; gain = 397.898
---------------------------------------------------------------------------------

Report RTL Partitions: 
+-+--------------+------------+----------+
| |RTL Partition |Replication |Instances |
+-+--------------+------------+----------+
+-+--------------+------------+----------+
---------------------------------------------------------------------------------
Start Applying XDC Timing Constraints
---------------------------------------------------------------------------------
---------------------------------------------------------------------------------
Finished Applying XDC Timing Constraints : Time (s): cpu = 00:00:26 ; elapsed = 00:00:28 . Memory (MB): peak = 1336.105 ; gain = 397.898
---------------------------------------------------------------------------------
---------------------------------------------------------------------------------
Start Timing Optimization
---------------------------------------------------------------------------------
---------------------------------------------------------------------------------
Finished Timing Optimization : Time (s): cpu = 00:00:26 ; elapsed = 00:00:28 . Memory (MB): peak = 1336.105 ; gain = 397.898
---------------------------------------------------------------------------------

Report RTL Partitions: 
+-+--------------+------------+----------+
| |RTL Partition |Replication |Instances |
+-+--------------+------------+----------+
+-+--------------+------------+----------+
---------------------------------------------------------------------------------
Start Technology Mapping
---------------------------------------------------------------------------------
---------------------------------------------------------------------------------
Finished Technology Mapping : Time (s): cpu = 00:00:26 ; elapsed = 00:00:28 . Memory (MB): peak = 1336.105 ; gain = 397.898
---------------------------------------------------------------------------------

Report RTL Partitions: 
+-+--------------+------------+----------+
| |RTL Partition |Replication |Instances |
+-+--------------+------------+----------+
+-+--------------+------------+----------+
---------------------------------------------------------------------------------
Start IO Insertion
---------------------------------------------------------------------------------
---------------------------------------------------------------------------------
Start Flattening Before IO Insertion
---------------------------------------------------------------------------------
---------------------------------------------------------------------------------
Finished Flattening Before IO Insertion
---------------------------------------------------------------------------------
---------------------------------------------------------------------------------
Start Final Netlist Cleanup
---------------------------------------------------------------------------------
---------------------------------------------------------------------------------
Finished Final Netlist Cleanup
---------------------------------------------------------------------------------
---------------------------------------------------------------------------------
Finished IO Insertion : Time (s): cpu = 00:00:31 ; elapsed = 00:00:32 . Memory (MB): peak = 1342.730 ; gain = 404.523
---------------------------------------------------------------------------------
---------------------------------------------------------------------------------
Start Renaming Generated Instances
---------------------------------------------------------------------------------
---------------------------------------------------------------------------------
Finished Renaming Generated Instances : Time (s): cpu = 00:00:31 ; elapsed = 00:00:32 . Memory (MB): peak = 1342.730 ; gain = 404.523
---------------------------------------------------------------------------------

Report RTL Partitions: 
+-+--------------+------------+----------+
| |RTL Partition |Replication |Instances |
+-+--------------+------------+----------+
+-+--------------+------------+----------+

Report Check Netlist: 
+------+------------------+-------+---------+-------+------------------+
|      |Item              |Errors |Warnings |Status |Description       |
+------+------------------+-------+---------+-------+------------------+
|1     |multi_driven_nets |      0|        0|Passed |Multi driven nets |
+------+------------------+-------+---------+-------+------------------+
---------------------------------------------------------------------------------
Start Rebuilding User Hierarchy
---------------------------------------------------------------------------------
---------------------------------------------------------------------------------
Finished Rebuilding User Hierarchy : Time (s): cpu = 00:00:31 ; elapsed = 00:00:32 . Memory (MB): peak = 1342.730 ; gain = 404.523
---------------------------------------------------------------------------------
---------------------------------------------------------------------------------
Start Renaming Generated Ports
---------------------------------------------------------------------------------
---------------------------------------------------------------------------------
Finished Renaming Generated Ports : Time (s): cpu = 00:00:31 ; elapsed = 00:00:32 . Memory (MB): peak = 1342.730 ; gain = 404.523
---------------------------------------------------------------------------------
---------------------------------------------------------------------------------
Start Handling Custom Attributes
---------------------------------------------------------------------------------
---------------------------------------------------------------------------------
Finished Handling Custom Attributes : Time (s): cpu = 00:00:31 ; elapsed = 00:00:32 . Memory (MB): peak = 1342.730 ; gain = 404.523
---------------------------------------------------------------------------------
---------------------------------------------------------------------------------
Start Renaming Generated Nets
---------------------------------------------------------------------------------
---------------------------------------------------------------------------------
Finished Renaming Generated Nets : Time (s): cpu = 00:00:31 ; elapsed = 00:00:32 . Memory (MB): peak = 1342.730 ; gain = 404.523
---------------------------------------------------------------------------------
---------------------------------------------------------------------------------
Start Writing Synthesis Report
---------------------------------------------------------------------------------

Report BlackBoxes: 
+------+---------------------------------+----------+
|      |BlackBox name                    |Instances |
+------+---------------------------------+----------+
|1     |Genesys_xbar_0                   |         1|
|2     |Genesys_axi_bram_ctrl_0_0        |         1|
|3     |Genesys_axi_bram_ctrl_0_bram_0   |         1|
|4     |Genesys_axi_gpio_0_0             |         1|
|5     |Genesys_axi_smc_0                |         1|
|6     |Genesys_axi_uartlite_0_0         |         1|
|7     |Genesys_mdm_1_0                  |         1|
|8     |Genesys_microblaze_0_0           |         1|
|9     |Genesys_mig_7series_0_0          |         1|
|10    |Genesys_rst_mig_7series_0_100M_0 |         1|
|11    |Genesys_rst_mig_7series_0_225M_0 |         1|
|12    |Genesys_system_ila_0             |         1|
|13    |Genesys_dlmb_bram_if_cntlr_0     |         1|
|14    |Genesys_dlmb_v10_0               |         1|
|15    |Genesys_ilmb_bram_if_cntlr_0     |         1|
|16    |Genesys_ilmb_v10_0               |         1|
|17    |Genesys_lmb_bram_0               |         1|
|18    |Genesys_lmb_v10_0                |         1|
+------+---------------------------------+----------+

Report Cell Usage: 
+------+---------------------------------+------+
|      |Cell                             |Count |
+------+---------------------------------+------+
|1     |Genesys_axi_bram_ctrl_0_0        |     1|
|2     |Genesys_axi_bram_ctrl_0_bram_0   |     1|
|3     |Genesys_axi_gpio_0_0             |     1|
|4     |Genesys_axi_smc_0                |     1|
|5     |Genesys_axi_uartlite_0_0         |     1|
|6     |Genesys_dlmb_bram_if_cntlr_0     |     1|
|7     |Genesys_dlmb_v10_0               |     1|
|8     |Genesys_ilmb_bram_if_cntlr_0     |     1|
|9     |Genesys_ilmb_v10_0               |     1|
|10    |Genesys_lmb_bram_0               |     1|
|11    |Genesys_lmb_v10_0                |     1|
|12    |Genesys_mdm_1_0                  |     1|
|13    |Genesys_microblaze_0_0           |     1|
|14    |Genesys_mig_7series_0_0          |     1|
|15    |Genesys_rst_mig_7series_0_100M_0 |     1|
|16    |Genesys_rst_mig_7series_0_225M_0 |     1|
|17    |Genesys_system_ila_0             |     1|
|18    |Genesys_xbar_0                   |     1|
|19    |IBUF                             |     2|
|20    |OBUF                             |     9|
+------+---------------------------------+------+

Report Instance Areas: 
+------+------------------------------+--------------------------------------+------+
|      |Instance                      |Module                                |Cells |
+------+------------------------------+--------------------------------------+------+
|1     |top                           |                                      |  2742|
|2     |  Genesys_i                   |Genesys                               |  2731|
|3     |    microblaze_0_axi_periph   |Genesys_microblaze_0_axi_periph_0     |   263|
|4     |    microblaze_0_local_memory |microblaze_0_local_memory_imp_1SUJIGN |   640|
+------+------------------------------+--------------------------------------+------+
---------------------------------------------------------------------------------
Finished Writing Synthesis Report : Time (s): cpu = 00:00:31 ; elapsed = 00:00:32 . Memory (MB): peak = 1342.730 ; gain = 404.523
---------------------------------------------------------------------------------
Synthesis finished with 0 errors, 0 critical warnings and 6 warnings.
Synthesis Optimization Runtime : Time (s): cpu = 00:00:21 ; elapsed = 00:00:29 . Memory (MB): peak = 1342.730 ; gain = 320.453
Synthesis Optimization Complete : Time (s): cpu = 00:00:31 ; elapsed = 00:00:33 . Memory (MB): peak = 1342.730 ; gain = 404.523
INFO: [Project 1-571] Translating synthesized netlist
Netlist sorting complete. Time (s): cpu = 00:00:00 ; elapsed = 00:00:00.054 . Memory (MB): peak = 1354.793 ; gain = 0.000
INFO: [Project 1-570] Preparing netlist for logic optimization
INFO: [Opt 31-138] Pushed 0 inverter(s) to 0 load pin(s).
Netlist sorting complete. Time (s): cpu = 00:00:00 ; elapsed = 00:00:00 . Memory (MB): peak = 1369.188 ; gain = 0.000
INFO: [Project 1-111] Unisim Transformation Summary:
No Unisim elements were transformed.

INFO: [Common 17-83] Releasing license: Synthesis
63 Infos, 39 Warnings, 0 Critical Warnings and 0 Errors encountered.
synth_design completed successfully
synth_design: Time (s): cpu = 00:00:38 ; elapsed = 00:01:04 . Memory (MB): peak = 1369.188 ; gain = 754.828
Netlist sorting complete. Time (s): cpu = 00:00:00 ; elapsed = 00:00:00 . Memory (MB): peak = 1369.188 ; gain = 0.000
WARNING: [Constraints 18-5210] No constraints selected for write.
Resolution: This message can indicate that there are no constraints for the design, or it can indicate that the used_in flags are set such that the constraints are ignored. This later case is used when running synth_design to not write synthesis constraints to the resulting checkpoint. Instead, project constraints are read when the synthesized design is opened.
INFO: [Common 17-1381] The checkpoint 'C:/Users/xujia/Genesys/Genesys.runs/synth_1/Genesys_wrapper.dcp' has been generated.
INFO: [runtcl-4] Executing : report_utilization -file Genesys_wrapper_utilization_synth.rpt -pb Genesys_wrapper_utilization_synth.pb
INFO: [Common 17-206] Exiting Vivado at Tue Aug 11 16:18:31 2020...
